[2020-11-11 17:09:16.497] [renderer1] [error] [ms-python.python]: Proposed API is only available when running out of dev or with the following command line switch: --enable-proposed-api ms-python.python: Error: [ms-python.python]: Proposed API is only available when running out of dev or with the following command line switch: --enable-proposed-api ms-python.python
	at a (/usr/lib/code/out/vs/workbench/services/extensions/node/extensionHostProcess.js:655:99)
	at Object.t.checkProposedApiEnabled (/usr/lib/code/out/vs/workbench/services/extensions/node/extensionHostProcess.js:655:567)
	at Object.get activeNotebookEditor [as activeNotebookEditor] (/usr/lib/code/out/vs/workbench/services/extensions/node/extensionHostProcess.js:1003:116)
	at u.get activeNotebookEditor [as activeNotebookEditor] (/home/thebluechalk/.vscode-oss/extensions/ms-python.python-2020.9.112786/out/client/extension.js:54:383170)
	at g.provideCodeLenses (/home/thebluechalk/.vscode-oss/extensions/ms-python.python-2020.9.112786/out/client/extension.js:56:230757)
	at /usr/lib/code/out/vs/workbench/services/extensions/node/extensionHostProcess.js:731:671
	at /usr/lib/code/out/vs/workbench/services/extensions/node/extensionHostProcess.js:51:976
	at new Promise (<anonymous>)
	at Object.t.asPromise (/usr/lib/code/out/vs/workbench/services/extensions/node/extensionHostProcess.js:51:948)
	at _.provideCodeLenses (/usr/lib/code/out/vs/workbench/services/extensions/node/extensionHostProcess.js:731:642)
	at /usr/lib/code/out/vs/workbench/services/extensions/node/extensionHostProcess.js:753:370
	at K._withAdapter (/usr/lib/code/out/vs/workbench/services/extensions/node/extensionHostProcess.js:752:10)
	at K.$provideCodeLenses (/usr/lib/code/out/vs/workbench/services/extensions/node/extensionHostProcess.js:753:348)
	at m._doInvokeHandler (/usr/lib/code/out/vs/workbench/services/extensions/node/extensionHostProcess.js:870:464)
	at m._invokeHandler (/usr/lib/code/out/vs/workbench/services/extensions/node/extensionHostProcess.js:870:156)
	at m._receiveRequest (/usr/lib/code/out/vs/workbench/services/extensions/node/extensionHostProcess.js:868:766)
	at m._receiveOneMessage (/usr/lib/code/out/vs/workbench/services/extensions/node/extensionHostProcess.js:867:623)
	at /usr/lib/code/out/vs/workbench/services/extensions/node/extensionHostProcess.js:865:691
	at l.fire (/usr/lib/code/out/vs/workbench/services/extensions/node/extensionHostProcess.js:45:801)
	at v.fire (/usr/lib/code/out/vs/workbench/services/extensions/node/extensionHostProcess.js:256:381)
	at /usr/lib/code/out/vs/workbench/services/extensions/node/extensionHostProcess.js:1059:179
	at l.fire (/usr/lib/code/out/vs/workbench/services/extensions/node/extensionHostProcess.js:45:801)
	at v.fire (/usr/lib/code/out/vs/workbench/services/extensions/node/extensionHostProcess.js:256:381)
	at t.PersistentProtocol._receiveMessage (/usr/lib/code/out/vs/workbench/services/extensions/node/extensionHostProcess.js:261:451)
	at /usr/lib/code/out/vs/workbench/services/extensions/node/extensionHostProcess.js:258:489
	at l.fire (/usr/lib/code/out/vs/workbench/services/extensions/node/extensionHostProcess.js:45:801)
	at p.acceptChunk (/usr/lib/code/out/vs/workbench/services/extensions/node/extensionHostProcess.js:253:851)
	at /usr/lib/code/out/vs/workbench/services/extensions/node/extensionHostProcess.js:253:203
	at Socket.t (/usr/lib/code/out/vs/workbench/services/extensions/node/extensionHostProcess.js:263:54)
	at Socket.emit (events.js:223:5)
	at addChunk (_stream_readable.js:309:12)
	at readableAddChunk (_stream_readable.js:290:11)
	at Socket.Readable.push (_stream_readable.js:224:10)
	at Pipe.onStreamRead (internal/stream_base_commons.js:181:23)
[2020-11-11 17:09:21.568] [renderer1] [error] [ms-python.python]: Proposed API is only available when running out of dev or with the following command line switch: --enable-proposed-api ms-python.python: Error: [ms-python.python]: Proposed API is only available when running out of dev or with the following command line switch: --enable-proposed-api ms-python.python
	at a (/usr/lib/code/out/vs/workbench/services/extensions/node/extensionHostProcess.js:655:99)
	at Object.t.checkProposedApiEnabled (/usr/lib/code/out/vs/workbench/services/extensions/node/extensionHostProcess.js:655:567)
	at Object.get activeNotebookEditor [as activeNotebookEditor] (/usr/lib/code/out/vs/workbench/services/extensions/node/extensionHostProcess.js:1003:116)
	at u.get activeNotebookEditor [as activeNotebookEditor] (/home/thebluechalk/.vscode-oss/extensions/ms-python.python-2020.9.112786/out/client/extension.js:54:383170)
	at g.provideCodeLenses (/home/thebluechalk/.vscode-oss/extensions/ms-python.python-2020.9.112786/out/client/extension.js:56:230757)
	at /usr/lib/code/out/vs/workbench/services/extensions/node/extensionHostProcess.js:731:671
	at /usr/lib/code/out/vs/workbench/services/extensions/node/extensionHostProcess.js:51:976
	at new Promise (<anonymous>)
	at Object.t.asPromise (/usr/lib/code/out/vs/workbench/services/extensions/node/extensionHostProcess.js:51:948)
	at _.provideCodeLenses (/usr/lib/code/out/vs/workbench/services/extensions/node/extensionHostProcess.js:731:642)
	at /usr/lib/code/out/vs/workbench/services/extensions/node/extensionHostProcess.js:753:370
	at K._withAdapter (/usr/lib/code/out/vs/workbench/services/extensions/node/extensionHostProcess.js:752:10)
	at K.$provideCodeLenses (/usr/lib/code/out/vs/workbench/services/extensions/node/extensionHostProcess.js:753:348)
	at m._doInvokeHandler (/usr/lib/code/out/vs/workbench/services/extensions/node/extensionHostProcess.js:870:464)
	at m._invokeHandler (/usr/lib/code/out/vs/workbench/services/extensions/node/extensionHostProcess.js:870:156)
	at m._receiveRequest (/usr/lib/code/out/vs/workbench/services/extensions/node/extensionHostProcess.js:868:766)
	at m._receiveOneMessage (/usr/lib/code/out/vs/workbench/services/extensions/node/extensionHostProcess.js:867:623)
	at /usr/lib/code/out/vs/workbench/services/extensions/node/extensionHostProcess.js:865:691
	at l.fire (/usr/lib/code/out/vs/workbench/services/extensions/node/extensionHostProcess.js:45:801)
	at v.fire (/usr/lib/code/out/vs/workbench/services/extensions/node/extensionHostProcess.js:256:381)
	at /usr/lib/code/out/vs/workbench/services/extensions/node/extensionHostProcess.js:1059:179
	at l.fire (/usr/lib/code/out/vs/workbench/services/extensions/node/extensionHostProcess.js:45:801)
	at v.fire (/usr/lib/code/out/vs/workbench/services/extensions/node/extensionHostProcess.js:256:381)
	at t.PersistentProtocol._receiveMessage (/usr/lib/code/out/vs/workbench/services/extensions/node/extensionHostProcess.js:261:451)
	at /usr/lib/code/out/vs/workbench/services/extensions/node/extensionHostProcess.js:258:489
	at l.fire (/usr/lib/code/out/vs/workbench/services/extensions/node/extensionHostProcess.js:45:801)
	at p.acceptChunk (/usr/lib/code/out/vs/workbench/services/extensions/node/extensionHostProcess.js:253:851)
	at /usr/lib/code/out/vs/workbench/services/extensions/node/extensionHostProcess.js:253:203
	at Socket.t (/usr/lib/code/out/vs/workbench/services/extensions/node/extensionHostProcess.js:263:54)
	at Socket.emit (events.js:223:5)
	at addChunk (_stream_readable.js:309:12)
	at readableAddChunk (_stream_readable.js:290:11)
	at Socket.Readable.push (_stream_readable.js:224:10)
	at Pipe.onStreamRead (internal/stream_base_commons.js:181:23)
[2020-11-11 17:09:47.748] [renderer1] [error] [ms-python.python]: Proposed API is only available when running out of dev or with the following command line switch: --enable-proposed-api ms-python.python: Error: [ms-python.python]: Proposed API is only available when running out of dev or with the following command line switch: --enable-proposed-api ms-python.python
	at a (/usr/lib/code/out/vs/workbench/services/extensions/node/extensionHostProcess.js:655:99)
	at Object.t.checkProposedApiEnabled (/usr/lib/code/out/vs/workbench/services/extensions/node/extensionHostProcess.js:655:567)
	at Object.get activeNotebookEditor [as activeNotebookEditor] (/usr/lib/code/out/vs/workbench/services/extensions/node/extensionHostProcess.js:1003:116)
	at u.get activeNotebookEditor [as activeNotebookEditor] (/home/thebluechalk/.vscode-oss/extensions/ms-python.python-2020.9.112786/out/client/extension.js:54:383170)
	at g.provideCodeLenses (/home/thebluechalk/.vscode-oss/extensions/ms-python.python-2020.9.112786/out/client/extension.js:56:230757)
	at /usr/lib/code/out/vs/workbench/services/extensions/node/extensionHostProcess.js:731:671
	at /usr/lib/code/out/vs/workbench/services/extensions/node/extensionHostProcess.js:51:976
	at new Promise (<anonymous>)
	at Object.t.asPromise (/usr/lib/code/out/vs/workbench/services/extensions/node/extensionHostProcess.js:51:948)
	at _.provideCodeLenses (/usr/lib/code/out/vs/workbench/services/extensions/node/extensionHostProcess.js:731:642)
	at /usr/lib/code/out/vs/workbench/services/extensions/node/extensionHostProcess.js:753:370
	at K._withAdapter (/usr/lib/code/out/vs/workbench/services/extensions/node/extensionHostProcess.js:752:10)
	at K.$provideCodeLenses (/usr/lib/code/out/vs/workbench/services/extensions/node/extensionHostProcess.js:753:348)
	at m._doInvokeHandler (/usr/lib/code/out/vs/workbench/services/extensions/node/extensionHostProcess.js:870:464)
	at m._invokeHandler (/usr/lib/code/out/vs/workbench/services/extensions/node/extensionHostProcess.js:870:156)
	at m._receiveRequest (/usr/lib/code/out/vs/workbench/services/extensions/node/extensionHostProcess.js:868:766)
	at m._receiveOneMessage (/usr/lib/code/out/vs/workbench/services/extensions/node/extensionHostProcess.js:867:623)
	at /usr/lib/code/out/vs/workbench/services/extensions/node/extensionHostProcess.js:865:691
	at l.fire (/usr/lib/code/out/vs/workbench/services/extensions/node/extensionHostProcess.js:45:801)
	at v.fire (/usr/lib/code/out/vs/workbench/services/extensions/node/extensionHostProcess.js:256:381)
	at /usr/lib/code/out/vs/workbench/services/extensions/node/extensionHostProcess.js:1059:179
	at l.fire (/usr/lib/code/out/vs/workbench/services/extensions/node/extensionHostProcess.js:45:801)
	at v.fire (/usr/lib/code/out/vs/workbench/services/extensions/node/extensionHostProcess.js:256:381)
	at t.PersistentProtocol._receiveMessage (/usr/lib/code/out/vs/workbench/services/extensions/node/extensionHostProcess.js:261:451)
	at /usr/lib/code/out/vs/workbench/services/extensions/node/extensionHostProcess.js:258:489
	at l.fire (/usr/lib/code/out/vs/workbench/services/extensions/node/extensionHostProcess.js:45:801)
	at p.acceptChunk (/usr/lib/code/out/vs/workbench/services/extensions/node/extensionHostProcess.js:253:851)
	at /usr/lib/code/out/vs/workbench/services/extensions/node/extensionHostProcess.js:253:203
	at Socket.t (/usr/lib/code/out/vs/workbench/services/extensions/node/extensionHostProcess.js:263:54)
	at Socket.emit (events.js:223:5)
	at addChunk (_stream_readable.js:309:12)
	at readableAddChunk (_stream_readable.js:290:11)
	at Socket.Readable.push (_stream_readable.js:224:10)
	at Pipe.onStreamRead (internal/stream_base_commons.js:181:23)
[2020-11-11 17:12:01.546] [renderer1] [error] [ms-python.python]: Proposed API is only available when running out of dev or with the following command line switch: --enable-proposed-api ms-python.python: Error: [ms-python.python]: Proposed API is only available when running out of dev or with the following command line switch: --enable-proposed-api ms-python.python
	at a (/usr/lib/code/out/vs/workbench/services/extensions/node/extensionHostProcess.js:655:99)
	at Object.t.checkProposedApiEnabled (/usr/lib/code/out/vs/workbench/services/extensions/node/extensionHostProcess.js:655:567)
	at Object.get activeNotebookEditor [as activeNotebookEditor] (/usr/lib/code/out/vs/workbench/services/extensions/node/extensionHostProcess.js:1003:116)
	at u.get activeNotebookEditor [as activeNotebookEditor] (/home/thebluechalk/.vscode-oss/extensions/ms-python.python-2020.9.112786/out/client/extension.js:54:383170)
	at g.provideCodeLenses (/home/thebluechalk/.vscode-oss/extensions/ms-python.python-2020.9.112786/out/client/extension.js:56:230757)
	at /usr/lib/code/out/vs/workbench/services/extensions/node/extensionHostProcess.js:731:671
	at /usr/lib/code/out/vs/workbench/services/extensions/node/extensionHostProcess.js:51:976
	at new Promise (<anonymous>)
	at Object.t.asPromise (/usr/lib/code/out/vs/workbench/services/extensions/node/extensionHostProcess.js:51:948)
	at _.provideCodeLenses (/usr/lib/code/out/vs/workbench/services/extensions/node/extensionHostProcess.js:731:642)
	at /usr/lib/code/out/vs/workbench/services/extensions/node/extensionHostProcess.js:753:370
	at K._withAdapter (/usr/lib/code/out/vs/workbench/services/extensions/node/extensionHostProcess.js:752:10)
	at K.$provideCodeLenses (/usr/lib/code/out/vs/workbench/services/extensions/node/extensionHostProcess.js:753:348)
	at m._doInvokeHandler (/usr/lib/code/out/vs/workbench/services/extensions/node/extensionHostProcess.js:870:464)
	at m._invokeHandler (/usr/lib/code/out/vs/workbench/services/extensions/node/extensionHostProcess.js:870:156)
	at m._receiveRequest (/usr/lib/code/out/vs/workbench/services/extensions/node/extensionHostProcess.js:868:766)
	at m._receiveOneMessage (/usr/lib/code/out/vs/workbench/services/extensions/node/extensionHostProcess.js:867:623)
	at /usr/lib/code/out/vs/workbench/services/extensions/node/extensionHostProcess.js:865:691
	at l.fire (/usr/lib/code/out/vs/workbench/services/extensions/node/extensionHostProcess.js:45:801)
	at v.fire (/usr/lib/code/out/vs/workbench/services/extensions/node/extensionHostProcess.js:256:381)
	at /usr/lib/code/out/vs/workbench/services/extensions/node/extensionHostProcess.js:1059:179
	at l.fire (/usr/lib/code/out/vs/workbench/services/extensions/node/extensionHostProcess.js:45:801)
	at v.fire (/usr/lib/code/out/vs/workbench/services/extensions/node/extensionHostProcess.js:256:381)
	at t.PersistentProtocol._receiveMessage (/usr/lib/code/out/vs/workbench/services/extensions/node/extensionHostProcess.js:261:451)
	at /usr/lib/code/out/vs/workbench/services/extensions/node/extensionHostProcess.js:258:489
	at l.fire (/usr/lib/code/out/vs/workbench/services/extensions/node/extensionHostProcess.js:45:801)
	at p.acceptChunk (/usr/lib/code/out/vs/workbench/services/extensions/node/extensionHostProcess.js:253:851)
	at /usr/lib/code/out/vs/workbench/services/extensions/node/extensionHostProcess.js:253:203
	at Socket.t (/usr/lib/code/out/vs/workbench/services/extensions/node/extensionHostProcess.js:263:54)
	at Socket.emit (events.js:223:5)
	at addChunk (_stream_readable.js:309:12)
	at readableAddChunk (_stream_readable.js:290:11)
	at Socket.Readable.push (_stream_readable.js:224:10)
	at Pipe.onStreamRead (internal/stream_base_commons.js:181:23)
[2020-11-11 17:12:02.684] [renderer1] [error] [ms-python.python]: Proposed API is only available when running out of dev or with the following command line switch: --enable-proposed-api ms-python.python: Error: [ms-python.python]: Proposed API is only available when running out of dev or with the following command line switch: --enable-proposed-api ms-python.python
	at a (/usr/lib/code/out/vs/workbench/services/extensions/node/extensionHostProcess.js:655:99)
	at Object.t.checkProposedApiEnabled (/usr/lib/code/out/vs/workbench/services/extensions/node/extensionHostProcess.js:655:567)
	at Object.get activeNotebookEditor [as activeNotebookEditor] (/usr/lib/code/out/vs/workbench/services/extensions/node/extensionHostProcess.js:1003:116)
	at u.get activeNotebookEditor [as activeNotebookEditor] (/home/thebluechalk/.vscode-oss/extensions/ms-python.python-2020.9.112786/out/client/extension.js:54:383170)
	at g.provideCodeLenses (/home/thebluechalk/.vscode-oss/extensions/ms-python.python-2020.9.112786/out/client/extension.js:56:230757)
	at /usr/lib/code/out/vs/workbench/services/extensions/node/extensionHostProcess.js:731:671
	at /usr/lib/code/out/vs/workbench/services/extensions/node/extensionHostProcess.js:51:976
	at new Promise (<anonymous>)
	at Object.t.asPromise (/usr/lib/code/out/vs/workbench/services/extensions/node/extensionHostProcess.js:51:948)
	at _.provideCodeLenses (/usr/lib/code/out/vs/workbench/services/extensions/node/extensionHostProcess.js:731:642)
	at /usr/lib/code/out/vs/workbench/services/extensions/node/extensionHostProcess.js:753:370
	at K._withAdapter (/usr/lib/code/out/vs/workbench/services/extensions/node/extensionHostProcess.js:752:10)
	at K.$provideCodeLenses (/usr/lib/code/out/vs/workbench/services/extensions/node/extensionHostProcess.js:753:348)
	at m._doInvokeHandler (/usr/lib/code/out/vs/workbench/services/extensions/node/extensionHostProcess.js:870:464)
	at m._invokeHandler (/usr/lib/code/out/vs/workbench/services/extensions/node/extensionHostProcess.js:870:156)
	at m._receiveRequest (/usr/lib/code/out/vs/workbench/services/extensions/node/extensionHostProcess.js:868:766)
	at m._receiveOneMessage (/usr/lib/code/out/vs/workbench/services/extensions/node/extensionHostProcess.js:867:623)
	at /usr/lib/code/out/vs/workbench/services/extensions/node/extensionHostProcess.js:865:691
	at l.fire (/usr/lib/code/out/vs/workbench/services/extensions/node/extensionHostProcess.js:45:801)
	at v.fire (/usr/lib/code/out/vs/workbench/services/extensions/node/extensionHostProcess.js:256:381)
	at /usr/lib/code/out/vs/workbench/services/extensions/node/extensionHostProcess.js:1059:179
	at l.fire (/usr/lib/code/out/vs/workbench/services/extensions/node/extensionHostProcess.js:45:801)
	at v.fire (/usr/lib/code/out/vs/workbench/services/extensions/node/extensionHostProcess.js:256:381)
	at t.PersistentProtocol._receiveMessage (/usr/lib/code/out/vs/workbench/services/extensions/node/extensionHostProcess.js:261:451)
	at /usr/lib/code/out/vs/workbench/services/extensions/node/extensionHostProcess.js:258:489
	at l.fire (/usr/lib/code/out/vs/workbench/services/extensions/node/extensionHostProcess.js:45:801)
	at p.acceptChunk (/usr/lib/code/out/vs/workbench/services/extensions/node/extensionHostProcess.js:253:851)
	at /usr/lib/code/out/vs/workbench/services/extensions/node/extensionHostProcess.js:253:203
	at Socket.t (/usr/lib/code/out/vs/workbench/services/extensions/node/extensionHostProcess.js:263:54)
	at Socket.emit (events.js:223:5)
	at addChunk (_stream_readable.js:309:12)
	at readableAddChunk (_stream_readable.js:290:11)
	at Socket.Readable.push (_stream_readable.js:224:10)
	at Pipe.onStreamRead (internal/stream_base_commons.js:181:23)
[2020-11-11 17:12:03.741] [renderer1] [error] [ms-python.python]: Proposed API is only available when running out of dev or with the following command line switch: --enable-proposed-api ms-python.python: Error: [ms-python.python]: Proposed API is only available when running out of dev or with the following command line switch: --enable-proposed-api ms-python.python
	at a (/usr/lib/code/out/vs/workbench/services/extensions/node/extensionHostProcess.js:655:99)
	at Object.t.checkProposedApiEnabled (/usr/lib/code/out/vs/workbench/services/extensions/node/extensionHostProcess.js:655:567)
	at Object.get activeNotebookEditor [as activeNotebookEditor] (/usr/lib/code/out/vs/workbench/services/extensions/node/extensionHostProcess.js:1003:116)
	at u.get activeNotebookEditor [as activeNotebookEditor] (/home/thebluechalk/.vscode-oss/extensions/ms-python.python-2020.9.112786/out/client/extension.js:54:383170)
	at g.provideCodeLenses (/home/thebluechalk/.vscode-oss/extensions/ms-python.python-2020.9.112786/out/client/extension.js:56:230757)
	at /usr/lib/code/out/vs/workbench/services/extensions/node/extensionHostProcess.js:731:671
	at /usr/lib/code/out/vs/workbench/services/extensions/node/extensionHostProcess.js:51:976
	at new Promise (<anonymous>)
	at Object.t.asPromise (/usr/lib/code/out/vs/workbench/services/extensions/node/extensionHostProcess.js:51:948)
	at _.provideCodeLenses (/usr/lib/code/out/vs/workbench/services/extensions/node/extensionHostProcess.js:731:642)
	at /usr/lib/code/out/vs/workbench/services/extensions/node/extensionHostProcess.js:753:370
	at K._withAdapter (/usr/lib/code/out/vs/workbench/services/extensions/node/extensionHostProcess.js:752:10)
	at K.$provideCodeLenses (/usr/lib/code/out/vs/workbench/services/extensions/node/extensionHostProcess.js:753:348)
	at m._doInvokeHandler (/usr/lib/code/out/vs/workbench/services/extensions/node/extensionHostProcess.js:870:464)
	at m._invokeHandler (/usr/lib/code/out/vs/workbench/services/extensions/node/extensionHostProcess.js:870:156)
	at m._receiveRequest (/usr/lib/code/out/vs/workbench/services/extensions/node/extensionHostProcess.js:868:766)
	at m._receiveOneMessage (/usr/lib/code/out/vs/workbench/services/extensions/node/extensionHostProcess.js:867:623)
	at /usr/lib/code/out/vs/workbench/services/extensions/node/extensionHostProcess.js:865:691
	at l.fire (/usr/lib/code/out/vs/workbench/services/extensions/node/extensionHostProcess.js:45:801)
	at v.fire (/usr/lib/code/out/vs/workbench/services/extensions/node/extensionHostProcess.js:256:381)
	at /usr/lib/code/out/vs/workbench/services/extensions/node/extensionHostProcess.js:1059:179
	at l.fire (/usr/lib/code/out/vs/workbench/services/extensions/node/extensionHostProcess.js:45:801)
	at v.fire (/usr/lib/code/out/vs/workbench/services/extensions/node/extensionHostProcess.js:256:381)
	at t.PersistentProtocol._receiveMessage (/usr/lib/code/out/vs/workbench/services/extensions/node/extensionHostProcess.js:261:451)
	at /usr/lib/code/out/vs/workbench/services/extensions/node/extensionHostProcess.js:258:489
	at l.fire (/usr/lib/code/out/vs/workbench/services/extensions/node/extensionHostProcess.js:45:801)
	at p.acceptChunk (/usr/lib/code/out/vs/workbench/services/extensions/node/extensionHostProcess.js:253:851)
	at /usr/lib/code/out/vs/workbench/services/extensions/node/extensionHostProcess.js:253:203
	at Socket.t (/usr/lib/code/out/vs/workbench/services/extensions/node/extensionHostProcess.js:263:54)
	at Socket.emit (events.js:223:5)
	at addChunk (_stream_readable.js:309:12)
	at readableAddChunk (_stream_readable.js:290:11)
	at Socket.Readable.push (_stream_readable.js:224:10)
	at Pipe.onStreamRead (internal/stream_base_commons.js:181:23)
[2020-11-11 17:12:05.351] [renderer1] [error] [ms-python.python]: Proposed API is only available when running out of dev or with the following command line switch: --enable-proposed-api ms-python.python: Error: [ms-python.python]: Proposed API is only available when running out of dev or with the following command line switch: --enable-proposed-api ms-python.python
	at a (/usr/lib/code/out/vs/workbench/services/extensions/node/extensionHostProcess.js:655:99)
	at Object.t.checkProposedApiEnabled (/usr/lib/code/out/vs/workbench/services/extensions/node/extensionHostProcess.js:655:567)
	at Object.get activeNotebookEditor [as activeNotebookEditor] (/usr/lib/code/out/vs/workbench/services/extensions/node/extensionHostProcess.js:1003:116)
	at u.get activeNotebookEditor [as activeNotebookEditor] (/home/thebluechalk/.vscode-oss/extensions/ms-python.python-2020.9.112786/out/client/extension.js:54:383170)
	at g.provideCodeLenses (/home/thebluechalk/.vscode-oss/extensions/ms-python.python-2020.9.112786/out/client/extension.js:56:230757)
	at /usr/lib/code/out/vs/workbench/services/extensions/node/extensionHostProcess.js:731:671
	at /usr/lib/code/out/vs/workbench/services/extensions/node/extensionHostProcess.js:51:976
	at new Promise (<anonymous>)
	at Object.t.asPromise (/usr/lib/code/out/vs/workbench/services/extensions/node/extensionHostProcess.js:51:948)
	at _.provideCodeLenses (/usr/lib/code/out/vs/workbench/services/extensions/node/extensionHostProcess.js:731:642)
	at /usr/lib/code/out/vs/workbench/services/extensions/node/extensionHostProcess.js:753:370
	at K._withAdapter (/usr/lib/code/out/vs/workbench/services/extensions/node/extensionHostProcess.js:752:10)
	at K.$provideCodeLenses (/usr/lib/code/out/vs/workbench/services/extensions/node/extensionHostProcess.js:753:348)
	at m._doInvokeHandler (/usr/lib/code/out/vs/workbench/services/extensions/node/extensionHostProcess.js:870:464)
	at m._invokeHandler (/usr/lib/code/out/vs/workbench/services/extensions/node/extensionHostProcess.js:870:156)
	at m._receiveRequest (/usr/lib/code/out/vs/workbench/services/extensions/node/extensionHostProcess.js:868:766)
	at m._receiveOneMessage (/usr/lib/code/out/vs/workbench/services/extensions/node/extensionHostProcess.js:867:623)
	at /usr/lib/code/out/vs/workbench/services/extensions/node/extensionHostProcess.js:865:691
	at l.fire (/usr/lib/code/out/vs/workbench/services/extensions/node/extensionHostProcess.js:45:801)
	at v.fire (/usr/lib/code/out/vs/workbench/services/extensions/node/extensionHostProcess.js:256:381)
	at /usr/lib/code/out/vs/workbench/services/extensions/node/extensionHostProcess.js:1059:179
	at l.fire (/usr/lib/code/out/vs/workbench/services/extensions/node/extensionHostProcess.js:45:801)
	at v.fire (/usr/lib/code/out/vs/workbench/services/extensions/node/extensionHostProcess.js:256:381)
	at t.PersistentProtocol._receiveMessage (/usr/lib/code/out/vs/workbench/services/extensions/node/extensionHostProcess.js:261:451)
	at /usr/lib/code/out/vs/workbench/services/extensions/node/extensionHostProcess.js:258:489
	at l.fire (/usr/lib/code/out/vs/workbench/services/extensions/node/extensionHostProcess.js:45:801)
	at p.acceptChunk (/usr/lib/code/out/vs/workbench/services/extensions/node/extensionHostProcess.js:253:851)
	at /usr/lib/code/out/vs/workbench/services/extensions/node/extensionHostProcess.js:253:203
	at Socket.t (/usr/lib/code/out/vs/workbench/services/extensions/node/extensionHostProcess.js:263:54)
	at Socket.emit (events.js:223:5)
	at addChunk (_stream_readable.js:309:12)
	at readableAddChunk (_stream_readable.js:290:11)
	at Socket.Readable.push (_stream_readable.js:224:10)
	at Pipe.onStreamRead (internal/stream_base_commons.js:181:23)
[2020-11-11 17:12:28.805] [renderer1] [error] [ms-python.python]: Proposed API is only available when running out of dev or with the following command line switch: --enable-proposed-api ms-python.python: Error: [ms-python.python]: Proposed API is only available when running out of dev or with the following command line switch: --enable-proposed-api ms-python.python
	at a (/usr/lib/code/out/vs/workbench/services/extensions/node/extensionHostProcess.js:655:99)
	at Object.t.checkProposedApiEnabled (/usr/lib/code/out/vs/workbench/services/extensions/node/extensionHostProcess.js:655:567)
	at Object.get activeNotebookEditor [as activeNotebookEditor] (/usr/lib/code/out/vs/workbench/services/extensions/node/extensionHostProcess.js:1003:116)
	at u.get activeNotebookEditor [as activeNotebookEditor] (/home/thebluechalk/.vscode-oss/extensions/ms-python.python-2020.9.112786/out/client/extension.js:54:383170)
	at g.provideCodeLenses (/home/thebluechalk/.vscode-oss/extensions/ms-python.python-2020.9.112786/out/client/extension.js:56:230757)
	at /usr/lib/code/out/vs/workbench/services/extensions/node/extensionHostProcess.js:731:671
	at /usr/lib/code/out/vs/workbench/services/extensions/node/extensionHostProcess.js:51:976
	at new Promise (<anonymous>)
	at Object.t.asPromise (/usr/lib/code/out/vs/workbench/services/extensions/node/extensionHostProcess.js:51:948)
	at _.provideCodeLenses (/usr/lib/code/out/vs/workbench/services/extensions/node/extensionHostProcess.js:731:642)
	at /usr/lib/code/out/vs/workbench/services/extensions/node/extensionHostProcess.js:753:370
	at K._withAdapter (/usr/lib/code/out/vs/workbench/services/extensions/node/extensionHostProcess.js:752:10)
	at K.$provideCodeLenses (/usr/lib/code/out/vs/workbench/services/extensions/node/extensionHostProcess.js:753:348)
	at m._doInvokeHandler (/usr/lib/code/out/vs/workbench/services/extensions/node/extensionHostProcess.js:870:464)
	at m._invokeHandler (/usr/lib/code/out/vs/workbench/services/extensions/node/extensionHostProcess.js:870:156)
	at m._receiveRequest (/usr/lib/code/out/vs/workbench/services/extensions/node/extensionHostProcess.js:868:766)
	at m._receiveOneMessage (/usr/lib/code/out/vs/workbench/services/extensions/node/extensionHostProcess.js:867:623)
	at /usr/lib/code/out/vs/workbench/services/extensions/node/extensionHostProcess.js:865:691
	at l.fire (/usr/lib/code/out/vs/workbench/services/extensions/node/extensionHostProcess.js:45:801)
	at v.fire (/usr/lib/code/out/vs/workbench/services/extensions/node/extensionHostProcess.js:256:381)
	at /usr/lib/code/out/vs/workbench/services/extensions/node/extensionHostProcess.js:1059:179
	at l.fire (/usr/lib/code/out/vs/workbench/services/extensions/node/extensionHostProcess.js:45:801)
	at v.fire (/usr/lib/code/out/vs/workbench/services/extensions/node/extensionHostProcess.js:256:381)
	at t.PersistentProtocol._receiveMessage (/usr/lib/code/out/vs/workbench/services/extensions/node/extensionHostProcess.js:261:451)
	at /usr/lib/code/out/vs/workbench/services/extensions/node/extensionHostProcess.js:258:489
	at l.fire (/usr/lib/code/out/vs/workbench/services/extensions/node/extensionHostProcess.js:45:801)
	at p.acceptChunk (/usr/lib/code/out/vs/workbench/services/extensions/node/extensionHostProcess.js:253:851)
	at /usr/lib/code/out/vs/workbench/services/extensions/node/extensionHostProcess.js:253:203
	at Socket.t (/usr/lib/code/out/vs/workbench/services/extensions/node/extensionHostProcess.js:263:54)
	at Socket.emit (events.js:223:5)
	at addChunk (_stream_readable.js:309:12)
	at readableAddChunk (_stream_readable.js:290:11)
	at Socket.Readable.push (_stream_readable.js:224:10)
	at Pipe.onStreamRead (internal/stream_base_commons.js:181:23)
[2020-11-11 17:12:31.167] [renderer1] [error] [ms-python.python]: Proposed API is only available when running out of dev or with the following command line switch: --enable-proposed-api ms-python.python: Error: [ms-python.python]: Proposed API is only available when running out of dev or with the following command line switch: --enable-proposed-api ms-python.python
	at a (/usr/lib/code/out/vs/workbench/services/extensions/node/extensionHostProcess.js:655:99)
	at Object.t.checkProposedApiEnabled (/usr/lib/code/out/vs/workbench/services/extensions/node/extensionHostProcess.js:655:567)
	at Object.get activeNotebookEditor [as activeNotebookEditor] (/usr/lib/code/out/vs/workbench/services/extensions/node/extensionHostProcess.js:1003:116)
	at u.get activeNotebookEditor [as activeNotebookEditor] (/home/thebluechalk/.vscode-oss/extensions/ms-python.python-2020.9.112786/out/client/extension.js:54:383170)
	at g.provideCodeLenses (/home/thebluechalk/.vscode-oss/extensions/ms-python.python-2020.9.112786/out/client/extension.js:56:230757)
	at /usr/lib/code/out/vs/workbench/services/extensions/node/extensionHostProcess.js:731:671
	at /usr/lib/code/out/vs/workbench/services/extensions/node/extensionHostProcess.js:51:976
	at new Promise (<anonymous>)
	at Object.t.asPromise (/usr/lib/code/out/vs/workbench/services/extensions/node/extensionHostProcess.js:51:948)
	at _.provideCodeLenses (/usr/lib/code/out/vs/workbench/services/extensions/node/extensionHostProcess.js:731:642)
	at /usr/lib/code/out/vs/workbench/services/extensions/node/extensionHostProcess.js:753:370
	at K._withAdapter (/usr/lib/code/out/vs/workbench/services/extensions/node/extensionHostProcess.js:752:10)
	at K.$provideCodeLenses (/usr/lib/code/out/vs/workbench/services/extensions/node/extensionHostProcess.js:753:348)
	at m._doInvokeHandler (/usr/lib/code/out/vs/workbench/services/extensions/node/extensionHostProcess.js:870:464)
	at m._invokeHandler (/usr/lib/code/out/vs/workbench/services/extensions/node/extensionHostProcess.js:870:156)
	at m._receiveRequest (/usr/lib/code/out/vs/workbench/services/extensions/node/extensionHostProcess.js:868:766)
	at m._receiveOneMessage (/usr/lib/code/out/vs/workbench/services/extensions/node/extensionHostProcess.js:867:623)
	at /usr/lib/code/out/vs/workbench/services/extensions/node/extensionHostProcess.js:865:691
	at l.fire (/usr/lib/code/out/vs/workbench/services/extensions/node/extensionHostProcess.js:45:801)
	at v.fire (/usr/lib/code/out/vs/workbench/services/extensions/node/extensionHostProcess.js:256:381)
	at /usr/lib/code/out/vs/workbench/services/extensions/node/extensionHostProcess.js:1059:179
	at l.fire (/usr/lib/code/out/vs/workbench/services/extensions/node/extensionHostProcess.js:45:801)
	at v.fire (/usr/lib/code/out/vs/workbench/services/extensions/node/extensionHostProcess.js:256:381)
	at t.PersistentProtocol._receiveMessage (/usr/lib/code/out/vs/workbench/services/extensions/node/extensionHostProcess.js:261:451)
	at /usr/lib/code/out/vs/workbench/services/extensions/node/extensionHostProcess.js:258:489
	at l.fire (/usr/lib/code/out/vs/workbench/services/extensions/node/extensionHostProcess.js:45:801)
	at p.acceptChunk (/usr/lib/code/out/vs/workbench/services/extensions/node/extensionHostProcess.js:253:851)
	at /usr/lib/code/out/vs/workbench/services/extensions/node/extensionHostProcess.js:253:203
	at Socket.t (/usr/lib/code/out/vs/workbench/services/extensions/node/extensionHostProcess.js:263:54)
	at Socket.emit (events.js:223:5)
	at addChunk (_stream_readable.js:309:12)
	at readableAddChunk (_stream_readable.js:290:11)
	at Socket.Readable.push (_stream_readable.js:224:10)
	at Pipe.onStreamRead (internal/stream_base_commons.js:181:23)
[2020-11-11 17:12:32.559] [renderer1] [error] [ms-python.python]: Proposed API is only available when running out of dev or with the following command line switch: --enable-proposed-api ms-python.python: Error: [ms-python.python]: Proposed API is only available when running out of dev or with the following command line switch: --enable-proposed-api ms-python.python
	at a (/usr/lib/code/out/vs/workbench/services/extensions/node/extensionHostProcess.js:655:99)
	at Object.t.checkProposedApiEnabled (/usr/lib/code/out/vs/workbench/services/extensions/node/extensionHostProcess.js:655:567)
	at Object.get activeNotebookEditor [as activeNotebookEditor] (/usr/lib/code/out/vs/workbench/services/extensions/node/extensionHostProcess.js:1003:116)
	at u.get activeNotebookEditor [as activeNotebookEditor] (/home/thebluechalk/.vscode-oss/extensions/ms-python.python-2020.9.112786/out/client/extension.js:54:383170)
	at g.provideCodeLenses (/home/thebluechalk/.vscode-oss/extensions/ms-python.python-2020.9.112786/out/client/extension.js:56:230757)
	at /usr/lib/code/out/vs/workbench/services/extensions/node/extensionHostProcess.js:731:671
	at /usr/lib/code/out/vs/workbench/services/extensions/node/extensionHostProcess.js:51:976
	at new Promise (<anonymous>)
	at Object.t.asPromise (/usr/lib/code/out/vs/workbench/services/extensions/node/extensionHostProcess.js:51:948)
	at _.provideCodeLenses (/usr/lib/code/out/vs/workbench/services/extensions/node/extensionHostProcess.js:731:642)
	at /usr/lib/code/out/vs/workbench/services/extensions/node/extensionHostProcess.js:753:370
	at K._withAdapter (/usr/lib/code/out/vs/workbench/services/extensions/node/extensionHostProcess.js:752:10)
	at K.$provideCodeLenses (/usr/lib/code/out/vs/workbench/services/extensions/node/extensionHostProcess.js:753:348)
	at m._doInvokeHandler (/usr/lib/code/out/vs/workbench/services/extensions/node/extensionHostProcess.js:870:464)
	at m._invokeHandler (/usr/lib/code/out/vs/workbench/services/extensions/node/extensionHostProcess.js:870:156)
	at m._receiveRequest (/usr/lib/code/out/vs/workbench/services/extensions/node/extensionHostProcess.js:868:766)
	at m._receiveOneMessage (/usr/lib/code/out/vs/workbench/services/extensions/node/extensionHostProcess.js:867:623)
	at /usr/lib/code/out/vs/workbench/services/extensions/node/extensionHostProcess.js:865:691
	at l.fire (/usr/lib/code/out/vs/workbench/services/extensions/node/extensionHostProcess.js:45:801)
	at v.fire (/usr/lib/code/out/vs/workbench/services/extensions/node/extensionHostProcess.js:256:381)
	at /usr/lib/code/out/vs/workbench/services/extensions/node/extensionHostProcess.js:1059:179
	at l.fire (/usr/lib/code/out/vs/workbench/services/extensions/node/extensionHostProcess.js:45:801)
	at v.fire (/usr/lib/code/out/vs/workbench/services/extensions/node/extensionHostProcess.js:256:381)
	at t.PersistentProtocol._receiveMessage (/usr/lib/code/out/vs/workbench/services/extensions/node/extensionHostProcess.js:261:451)
	at /usr/lib/code/out/vs/workbench/services/extensions/node/extensionHostProcess.js:258:489
	at l.fire (/usr/lib/code/out/vs/workbench/services/extensions/node/extensionHostProcess.js:45:801)
	at p.acceptChunk (/usr/lib/code/out/vs/workbench/services/extensions/node/extensionHostProcess.js:253:851)
	at /usr/lib/code/out/vs/workbench/services/extensions/node/extensionHostProcess.js:253:203
	at Socket.t (/usr/lib/code/out/vs/workbench/services/extensions/node/extensionHostProcess.js:263:54)
	at Socket.emit (events.js:223:5)
	at addChunk (_stream_readable.js:309:12)
	at readableAddChunk (_stream_readable.js:290:11)
	at Socket.Readable.push (_stream_readable.js:224:10)
	at Pipe.onStreamRead (internal/stream_base_commons.js:181:23)
[2020-11-11 17:12:39.347] [renderer1] [error] [ms-python.python]: Proposed API is only available when running out of dev or with the following command line switch: --enable-proposed-api ms-python.python: Error: [ms-python.python]: Proposed API is only available when running out of dev or with the following command line switch: --enable-proposed-api ms-python.python
	at a (/usr/lib/code/out/vs/workbench/services/extensions/node/extensionHostProcess.js:655:99)
	at Object.t.checkProposedApiEnabled (/usr/lib/code/out/vs/workbench/services/extensions/node/extensionHostProcess.js:655:567)
	at Object.get activeNotebookEditor [as activeNotebookEditor] (/usr/lib/code/out/vs/workbench/services/extensions/node/extensionHostProcess.js:1003:116)
	at u.get activeNotebookEditor [as activeNotebookEditor] (/home/thebluechalk/.vscode-oss/extensions/ms-python.python-2020.9.112786/out/client/extension.js:54:383170)
	at g.provideCodeLenses (/home/thebluechalk/.vscode-oss/extensions/ms-python.python-2020.9.112786/out/client/extension.js:56:230757)
	at /usr/lib/code/out/vs/workbench/services/extensions/node/extensionHostProcess.js:731:671
	at /usr/lib/code/out/vs/workbench/services/extensions/node/extensionHostProcess.js:51:976
	at new Promise (<anonymous>)
	at Object.t.asPromise (/usr/lib/code/out/vs/workbench/services/extensions/node/extensionHostProcess.js:51:948)
	at _.provideCodeLenses (/usr/lib/code/out/vs/workbench/services/extensions/node/extensionHostProcess.js:731:642)
	at /usr/lib/code/out/vs/workbench/services/extensions/node/extensionHostProcess.js:753:370
	at K._withAdapter (/usr/lib/code/out/vs/workbench/services/extensions/node/extensionHostProcess.js:752:10)
	at K.$provideCodeLenses (/usr/lib/code/out/vs/workbench/services/extensions/node/extensionHostProcess.js:753:348)
	at m._doInvokeHandler (/usr/lib/code/out/vs/workbench/services/extensions/node/extensionHostProcess.js:870:464)
	at m._invokeHandler (/usr/lib/code/out/vs/workbench/services/extensions/node/extensionHostProcess.js:870:156)
	at m._receiveRequest (/usr/lib/code/out/vs/workbench/services/extensions/node/extensionHostProcess.js:868:766)
	at m._receiveOneMessage (/usr/lib/code/out/vs/workbench/services/extensions/node/extensionHostProcess.js:867:623)
	at /usr/lib/code/out/vs/workbench/services/extensions/node/extensionHostProcess.js:865:691
	at l.fire (/usr/lib/code/out/vs/workbench/services/extensions/node/extensionHostProcess.js:45:801)
	at v.fire (/usr/lib/code/out/vs/workbench/services/extensions/node/extensionHostProcess.js:256:381)
	at /usr/lib/code/out/vs/workbench/services/extensions/node/extensionHostProcess.js:1059:179
	at l.fire (/usr/lib/code/out/vs/workbench/services/extensions/node/extensionHostProcess.js:45:801)
	at v.fire (/usr/lib/code/out/vs/workbench/services/extensions/node/extensionHostProcess.js:256:381)
	at t.PersistentProtocol._receiveMessage (/usr/lib/code/out/vs/workbench/services/extensions/node/extensionHostProcess.js:261:451)
	at /usr/lib/code/out/vs/workbench/services/extensions/node/extensionHostProcess.js:258:489
	at l.fire (/usr/lib/code/out/vs/workbench/services/extensions/node/extensionHostProcess.js:45:801)
	at p.acceptChunk (/usr/lib/code/out/vs/workbench/services/extensions/node/extensionHostProcess.js:253:851)
	at /usr/lib/code/out/vs/workbench/services/extensions/node/extensionHostProcess.js:253:203
	at Socket.t (/usr/lib/code/out/vs/workbench/services/extensions/node/extensionHostProcess.js:263:54)
	at Socket.emit (events.js:223:5)
	at addChunk (_stream_readable.js:309:12)
	at readableAddChunk (_stream_readable.js:290:11)
	at Socket.Readable.push (_stream_readable.js:224:10)
	at Pipe.onStreamRead (internal/stream_base_commons.js:181:23)
[2020-11-11 17:12:41.261] [renderer1] [error] [ms-python.python]: Proposed API is only available when running out of dev or with the following command line switch: --enable-proposed-api ms-python.python: Error: [ms-python.python]: Proposed API is only available when running out of dev or with the following command line switch: --enable-proposed-api ms-python.python
	at a (/usr/lib/code/out/vs/workbench/services/extensions/node/extensionHostProcess.js:655:99)
	at Object.t.checkProposedApiEnabled (/usr/lib/code/out/vs/workbench/services/extensions/node/extensionHostProcess.js:655:567)
	at Object.get activeNotebookEditor [as activeNotebookEditor] (/usr/lib/code/out/vs/workbench/services/extensions/node/extensionHostProcess.js:1003:116)
	at u.get activeNotebookEditor [as activeNotebookEditor] (/home/thebluechalk/.vscode-oss/extensions/ms-python.python-2020.9.112786/out/client/extension.js:54:383170)
	at g.provideCodeLenses (/home/thebluechalk/.vscode-oss/extensions/ms-python.python-2020.9.112786/out/client/extension.js:56:230757)
	at /usr/lib/code/out/vs/workbench/services/extensions/node/extensionHostProcess.js:731:671
	at /usr/lib/code/out/vs/workbench/services/extensions/node/extensionHostProcess.js:51:976
	at new Promise (<anonymous>)
	at Object.t.asPromise (/usr/lib/code/out/vs/workbench/services/extensions/node/extensionHostProcess.js:51:948)
	at _.provideCodeLenses (/usr/lib/code/out/vs/workbench/services/extensions/node/extensionHostProcess.js:731:642)
	at /usr/lib/code/out/vs/workbench/services/extensions/node/extensionHostProcess.js:753:370
	at K._withAdapter (/usr/lib/code/out/vs/workbench/services/extensions/node/extensionHostProcess.js:752:10)
	at K.$provideCodeLenses (/usr/lib/code/out/vs/workbench/services/extensions/node/extensionHostProcess.js:753:348)
	at m._doInvokeHandler (/usr/lib/code/out/vs/workbench/services/extensions/node/extensionHostProcess.js:870:464)
	at m._invokeHandler (/usr/lib/code/out/vs/workbench/services/extensions/node/extensionHostProcess.js:870:156)
	at m._receiveRequest (/usr/lib/code/out/vs/workbench/services/extensions/node/extensionHostProcess.js:868:766)
	at m._receiveOneMessage (/usr/lib/code/out/vs/workbench/services/extensions/node/extensionHostProcess.js:867:623)
	at /usr/lib/code/out/vs/workbench/services/extensions/node/extensionHostProcess.js:865:691
	at l.fire (/usr/lib/code/out/vs/workbench/services/extensions/node/extensionHostProcess.js:45:801)
	at v.fire (/usr/lib/code/out/vs/workbench/services/extensions/node/extensionHostProcess.js:256:381)
	at /usr/lib/code/out/vs/workbench/services/extensions/node/extensionHostProcess.js:1059:179
	at l.fire (/usr/lib/code/out/vs/workbench/services/extensions/node/extensionHostProcess.js:45:801)
	at v.fire (/usr/lib/code/out/vs/workbench/services/extensions/node/extensionHostProcess.js:256:381)
	at t.PersistentProtocol._receiveMessage (/usr/lib/code/out/vs/workbench/services/extensions/node/extensionHostProcess.js:261:451)
	at /usr/lib/code/out/vs/workbench/services/extensions/node/extensionHostProcess.js:258:489
	at l.fire (/usr/lib/code/out/vs/workbench/services/extensions/node/extensionHostProcess.js:45:801)
	at p.acceptChunk (/usr/lib/code/out/vs/workbench/services/extensions/node/extensionHostProcess.js:253:851)
	at /usr/lib/code/out/vs/workbench/services/extensions/node/extensionHostProcess.js:253:203
	at Socket.t (/usr/lib/code/out/vs/workbench/services/extensions/node/extensionHostProcess.js:263:54)
	at Socket.emit (events.js:223:5)
	at addChunk (_stream_readable.js:309:12)
	at readableAddChunk (_stream_readable.js:290:11)
	at Socket.Readable.push (_stream_readable.js:224:10)
	at Pipe.onStreamRead (internal/stream_base_commons.js:181:23)
[2020-11-11 17:12:42.989] [renderer1] [error] [ms-python.python]: Proposed API is only available when running out of dev or with the following command line switch: --enable-proposed-api ms-python.python: Error: [ms-python.python]: Proposed API is only available when running out of dev or with the following command line switch: --enable-proposed-api ms-python.python
	at a (/usr/lib/code/out/vs/workbench/services/extensions/node/extensionHostProcess.js:655:99)
	at Object.t.checkProposedApiEnabled (/usr/lib/code/out/vs/workbench/services/extensions/node/extensionHostProcess.js:655:567)
	at Object.get activeNotebookEditor [as activeNotebookEditor] (/usr/lib/code/out/vs/workbench/services/extensions/node/extensionHostProcess.js:1003:116)
	at u.get activeNotebookEditor [as activeNotebookEditor] (/home/thebluechalk/.vscode-oss/extensions/ms-python.python-2020.9.112786/out/client/extension.js:54:383170)
	at g.provideCodeLenses (/home/thebluechalk/.vscode-oss/extensions/ms-python.python-2020.9.112786/out/client/extension.js:56:230757)
	at /usr/lib/code/out/vs/workbench/services/extensions/node/extensionHostProcess.js:731:671
	at /usr/lib/code/out/vs/workbench/services/extensions/node/extensionHostProcess.js:51:976
	at new Promise (<anonymous>)
	at Object.t.asPromise (/usr/lib/code/out/vs/workbench/services/extensions/node/extensionHostProcess.js:51:948)
	at _.provideCodeLenses (/usr/lib/code/out/vs/workbench/services/extensions/node/extensionHostProcess.js:731:642)
	at /usr/lib/code/out/vs/workbench/services/extensions/node/extensionHostProcess.js:753:370
	at K._withAdapter (/usr/lib/code/out/vs/workbench/services/extensions/node/extensionHostProcess.js:752:10)
	at K.$provideCodeLenses (/usr/lib/code/out/vs/workbench/services/extensions/node/extensionHostProcess.js:753:348)
	at m._doInvokeHandler (/usr/lib/code/out/vs/workbench/services/extensions/node/extensionHostProcess.js:870:464)
	at m._invokeHandler (/usr/lib/code/out/vs/workbench/services/extensions/node/extensionHostProcess.js:870:156)
	at m._receiveRequest (/usr/lib/code/out/vs/workbench/services/extensions/node/extensionHostProcess.js:868:766)
	at m._receiveOneMessage (/usr/lib/code/out/vs/workbench/services/extensions/node/extensionHostProcess.js:867:623)
	at /usr/lib/code/out/vs/workbench/services/extensions/node/extensionHostProcess.js:865:691
	at l.fire (/usr/lib/code/out/vs/workbench/services/extensions/node/extensionHostProcess.js:45:801)
	at v.fire (/usr/lib/code/out/vs/workbench/services/extensions/node/extensionHostProcess.js:256:381)
	at /usr/lib/code/out/vs/workbench/services/extensions/node/extensionHostProcess.js:1059:179
	at l.fire (/usr/lib/code/out/vs/workbench/services/extensions/node/extensionHostProcess.js:45:801)
	at v.fire (/usr/lib/code/out/vs/workbench/services/extensions/node/extensionHostProcess.js:256:381)
	at t.PersistentProtocol._receiveMessage (/usr/lib/code/out/vs/workbench/services/extensions/node/extensionHostProcess.js:261:451)
	at /usr/lib/code/out/vs/workbench/services/extensions/node/extensionHostProcess.js:258:489
	at l.fire (/usr/lib/code/out/vs/workbench/services/extensions/node/extensionHostProcess.js:45:801)
	at p.acceptChunk (/usr/lib/code/out/vs/workbench/services/extensions/node/extensionHostProcess.js:253:851)
	at /usr/lib/code/out/vs/workbench/services/extensions/node/extensionHostProcess.js:253:203
	at Socket.t (/usr/lib/code/out/vs/workbench/services/extensions/node/extensionHostProcess.js:263:54)
	at Socket.emit (events.js:223:5)
	at addChunk (_stream_readable.js:309:12)
	at readableAddChunk (_stream_readable.js:290:11)
	at Socket.Readable.push (_stream_readable.js:224:10)
	at Pipe.onStreamRead (internal/stream_base_commons.js:181:23)
[2020-11-11 17:12:44.002] [renderer1] [error] [ms-python.python]: Proposed API is only available when running out of dev or with the following command line switch: --enable-proposed-api ms-python.python: Error: [ms-python.python]: Proposed API is only available when running out of dev or with the following command line switch: --enable-proposed-api ms-python.python
	at a (/usr/lib/code/out/vs/workbench/services/extensions/node/extensionHostProcess.js:655:99)
	at Object.t.checkProposedApiEnabled (/usr/lib/code/out/vs/workbench/services/extensions/node/extensionHostProcess.js:655:567)
	at Object.get activeNotebookEditor [as activeNotebookEditor] (/usr/lib/code/out/vs/workbench/services/extensions/node/extensionHostProcess.js:1003:116)
	at u.get activeNotebookEditor [as activeNotebookEditor] (/home/thebluechalk/.vscode-oss/extensions/ms-python.python-2020.9.112786/out/client/extension.js:54:383170)
	at g.provideCodeLenses (/home/thebluechalk/.vscode-oss/extensions/ms-python.python-2020.9.112786/out/client/extension.js:56:230757)
	at /usr/lib/code/out/vs/workbench/services/extensions/node/extensionHostProcess.js:731:671
	at /usr/lib/code/out/vs/workbench/services/extensions/node/extensionHostProcess.js:51:976
	at new Promise (<anonymous>)
	at Object.t.asPromise (/usr/lib/code/out/vs/workbench/services/extensions/node/extensionHostProcess.js:51:948)
	at _.provideCodeLenses (/usr/lib/code/out/vs/workbench/services/extensions/node/extensionHostProcess.js:731:642)
	at /usr/lib/code/out/vs/workbench/services/extensions/node/extensionHostProcess.js:753:370
	at K._withAdapter (/usr/lib/code/out/vs/workbench/services/extensions/node/extensionHostProcess.js:752:10)
	at K.$provideCodeLenses (/usr/lib/code/out/vs/workbench/services/extensions/node/extensionHostProcess.js:753:348)
	at m._doInvokeHandler (/usr/lib/code/out/vs/workbench/services/extensions/node/extensionHostProcess.js:870:464)
	at m._invokeHandler (/usr/lib/code/out/vs/workbench/services/extensions/node/extensionHostProcess.js:870:156)
	at m._receiveRequest (/usr/lib/code/out/vs/workbench/services/extensions/node/extensionHostProcess.js:868:766)
	at m._receiveOneMessage (/usr/lib/code/out/vs/workbench/services/extensions/node/extensionHostProcess.js:867:623)
	at /usr/lib/code/out/vs/workbench/services/extensions/node/extensionHostProcess.js:865:691
	at l.fire (/usr/lib/code/out/vs/workbench/services/extensions/node/extensionHostProcess.js:45:801)
	at v.fire (/usr/lib/code/out/vs/workbench/services/extensions/node/extensionHostProcess.js:256:381)
	at /usr/lib/code/out/vs/workbench/services/extensions/node/extensionHostProcess.js:1059:179
	at l.fire (/usr/lib/code/out/vs/workbench/services/extensions/node/extensionHostProcess.js:45:801)
	at v.fire (/usr/lib/code/out/vs/workbench/services/extensions/node/extensionHostProcess.js:256:381)
	at t.PersistentProtocol._receiveMessage (/usr/lib/code/out/vs/workbench/services/extensions/node/extensionHostProcess.js:261:451)
	at /usr/lib/code/out/vs/workbench/services/extensions/node/extensionHostProcess.js:258:489
	at l.fire (/usr/lib/code/out/vs/workbench/services/extensions/node/extensionHostProcess.js:45:801)
	at p.acceptChunk (/usr/lib/code/out/vs/workbench/services/extensions/node/extensionHostProcess.js:253:851)
	at /usr/lib/code/out/vs/workbench/services/extensions/node/extensionHostProcess.js:253:203
	at Socket.t (/usr/lib/code/out/vs/workbench/services/extensions/node/extensionHostProcess.js:263:54)
	at Socket.emit (events.js:223:5)
	at addChunk (_stream_readable.js:309:12)
	at readableAddChunk (_stream_readable.js:290:11)
	at Socket.Readable.push (_stream_readable.js:224:10)
	at Pipe.onStreamRead (internal/stream_base_commons.js:181:23)
[2020-11-11 17:15:49.347] [renderer1] [error] [ms-python.python]: Proposed API is only available when running out of dev or with the following command line switch: --enable-proposed-api ms-python.python: Error: [ms-python.python]: Proposed API is only available when running out of dev or with the following command line switch: --enable-proposed-api ms-python.python
	at a (/usr/lib/code/out/vs/workbench/services/extensions/node/extensionHostProcess.js:655:99)
	at Object.t.checkProposedApiEnabled (/usr/lib/code/out/vs/workbench/services/extensions/node/extensionHostProcess.js:655:567)
	at Object.get activeNotebookEditor [as activeNotebookEditor] (/usr/lib/code/out/vs/workbench/services/extensions/node/extensionHostProcess.js:1003:116)
	at u.get activeNotebookEditor [as activeNotebookEditor] (/home/thebluechalk/.vscode-oss/extensions/ms-python.python-2020.9.112786/out/client/extension.js:54:383170)
	at g.provideCodeLenses (/home/thebluechalk/.vscode-oss/extensions/ms-python.python-2020.9.112786/out/client/extension.js:56:230757)
	at /usr/lib/code/out/vs/workbench/services/extensions/node/extensionHostProcess.js:731:671
	at /usr/lib/code/out/vs/workbench/services/extensions/node/extensionHostProcess.js:51:976
	at new Promise (<anonymous>)
	at Object.t.asPromise (/usr/lib/code/out/vs/workbench/services/extensions/node/extensionHostProcess.js:51:948)
	at _.provideCodeLenses (/usr/lib/code/out/vs/workbench/services/extensions/node/extensionHostProcess.js:731:642)
	at /usr/lib/code/out/vs/workbench/services/extensions/node/extensionHostProcess.js:753:370
	at K._withAdapter (/usr/lib/code/out/vs/workbench/services/extensions/node/extensionHostProcess.js:752:10)
	at K.$provideCodeLenses (/usr/lib/code/out/vs/workbench/services/extensions/node/extensionHostProcess.js:753:348)
	at m._doInvokeHandler (/usr/lib/code/out/vs/workbench/services/extensions/node/extensionHostProcess.js:870:464)
	at m._invokeHandler (/usr/lib/code/out/vs/workbench/services/extensions/node/extensionHostProcess.js:870:156)
	at m._receiveRequest (/usr/lib/code/out/vs/workbench/services/extensions/node/extensionHostProcess.js:868:766)
	at m._receiveOneMessage (/usr/lib/code/out/vs/workbench/services/extensions/node/extensionHostProcess.js:867:623)
	at /usr/lib/code/out/vs/workbench/services/extensions/node/extensionHostProcess.js:865:691
	at l.fire (/usr/lib/code/out/vs/workbench/services/extensions/node/extensionHostProcess.js:45:801)
	at v.fire (/usr/lib/code/out/vs/workbench/services/extensions/node/extensionHostProcess.js:256:381)
	at /usr/lib/code/out/vs/workbench/services/extensions/node/extensionHostProcess.js:1059:179
	at l.fire (/usr/lib/code/out/vs/workbench/services/extensions/node/extensionHostProcess.js:45:801)
	at v.fire (/usr/lib/code/out/vs/workbench/services/extensions/node/extensionHostProcess.js:256:381)
	at t.PersistentProtocol._receiveMessage (/usr/lib/code/out/vs/workbench/services/extensions/node/extensionHostProcess.js:261:451)
	at /usr/lib/code/out/vs/workbench/services/extensions/node/extensionHostProcess.js:258:489
	at l.fire (/usr/lib/code/out/vs/workbench/services/extensions/node/extensionHostProcess.js:45:801)
	at p.acceptChunk (/usr/lib/code/out/vs/workbench/services/extensions/node/extensionHostProcess.js:253:851)
	at /usr/lib/code/out/vs/workbench/services/extensions/node/extensionHostProcess.js:253:203
	at Socket.t (/usr/lib/code/out/vs/workbench/services/extensions/node/extensionHostProcess.js:263:54)
	at Socket.emit (events.js:223:5)
	at addChunk (_stream_readable.js:309:12)
	at readableAddChunk (_stream_readable.js:290:11)
	at Socket.Readable.push (_stream_readable.js:224:10)
	at Pipe.onStreamRead (internal/stream_base_commons.js:181:23)
[2020-11-11 17:15:55.305] [renderer1] [error] [ms-python.python]: Proposed API is only available when running out of dev or with the following command line switch: --enable-proposed-api ms-python.python: Error: [ms-python.python]: Proposed API is only available when running out of dev or with the following command line switch: --enable-proposed-api ms-python.python
	at a (/usr/lib/code/out/vs/workbench/services/extensions/node/extensionHostProcess.js:655:99)
	at Object.t.checkProposedApiEnabled (/usr/lib/code/out/vs/workbench/services/extensions/node/extensionHostProcess.js:655:567)
	at Object.get activeNotebookEditor [as activeNotebookEditor] (/usr/lib/code/out/vs/workbench/services/extensions/node/extensionHostProcess.js:1003:116)
	at u.get activeNotebookEditor [as activeNotebookEditor] (/home/thebluechalk/.vscode-oss/extensions/ms-python.python-2020.9.112786/out/client/extension.js:54:383170)
	at g.provideCodeLenses (/home/thebluechalk/.vscode-oss/extensions/ms-python.python-2020.9.112786/out/client/extension.js:56:230757)
	at /usr/lib/code/out/vs/workbench/services/extensions/node/extensionHostProcess.js:731:671
	at /usr/lib/code/out/vs/workbench/services/extensions/node/extensionHostProcess.js:51:976
	at new Promise (<anonymous>)
	at Object.t.asPromise (/usr/lib/code/out/vs/workbench/services/extensions/node/extensionHostProcess.js:51:948)
	at _.provideCodeLenses (/usr/lib/code/out/vs/workbench/services/extensions/node/extensionHostProcess.js:731:642)
	at /usr/lib/code/out/vs/workbench/services/extensions/node/extensionHostProcess.js:753:370
	at K._withAdapter (/usr/lib/code/out/vs/workbench/services/extensions/node/extensionHostProcess.js:752:10)
	at K.$provideCodeLenses (/usr/lib/code/out/vs/workbench/services/extensions/node/extensionHostProcess.js:753:348)
	at m._doInvokeHandler (/usr/lib/code/out/vs/workbench/services/extensions/node/extensionHostProcess.js:870:464)
	at m._invokeHandler (/usr/lib/code/out/vs/workbench/services/extensions/node/extensionHostProcess.js:870:156)
	at m._receiveRequest (/usr/lib/code/out/vs/workbench/services/extensions/node/extensionHostProcess.js:868:766)
	at m._receiveOneMessage (/usr/lib/code/out/vs/workbench/services/extensions/node/extensionHostProcess.js:867:623)
	at /usr/lib/code/out/vs/workbench/services/extensions/node/extensionHostProcess.js:865:691
	at l.fire (/usr/lib/code/out/vs/workbench/services/extensions/node/extensionHostProcess.js:45:801)
	at v.fire (/usr/lib/code/out/vs/workbench/services/extensions/node/extensionHostProcess.js:256:381)
	at /usr/lib/code/out/vs/workbench/services/extensions/node/extensionHostProcess.js:1059:179
	at l.fire (/usr/lib/code/out/vs/workbench/services/extensions/node/extensionHostProcess.js:45:801)
	at v.fire (/usr/lib/code/out/vs/workbench/services/extensions/node/extensionHostProcess.js:256:381)
	at t.PersistentProtocol._receiveMessage (/usr/lib/code/out/vs/workbench/services/extensions/node/extensionHostProcess.js:261:451)
	at /usr/lib/code/out/vs/workbench/services/extensions/node/extensionHostProcess.js:258:489
	at l.fire (/usr/lib/code/out/vs/workbench/services/extensions/node/extensionHostProcess.js:45:801)
	at p.acceptChunk (/usr/lib/code/out/vs/workbench/services/extensions/node/extensionHostProcess.js:253:851)
	at /usr/lib/code/out/vs/workbench/services/extensions/node/extensionHostProcess.js:253:203
	at Socket.t (/usr/lib/code/out/vs/workbench/services/extensions/node/extensionHostProcess.js:263:54)
	at Socket.emit (events.js:223:5)
	at addChunk (_stream_readable.js:309:12)
	at readableAddChunk (_stream_readable.js:290:11)
	at Socket.Readable.push (_stream_readable.js:224:10)
	at Pipe.onStreamRead (internal/stream_base_commons.js:181:23)
[2020-11-11 17:15:56.886] [renderer1] [error] [ms-python.python]: Proposed API is only available when running out of dev or with the following command line switch: --enable-proposed-api ms-python.python: Error: [ms-python.python]: Proposed API is only available when running out of dev or with the following command line switch: --enable-proposed-api ms-python.python
	at a (/usr/lib/code/out/vs/workbench/services/extensions/node/extensionHostProcess.js:655:99)
	at Object.t.checkProposedApiEnabled (/usr/lib/code/out/vs/workbench/services/extensions/node/extensionHostProcess.js:655:567)
	at Object.get activeNotebookEditor [as activeNotebookEditor] (/usr/lib/code/out/vs/workbench/services/extensions/node/extensionHostProcess.js:1003:116)
	at u.get activeNotebookEditor [as activeNotebookEditor] (/home/thebluechalk/.vscode-oss/extensions/ms-python.python-2020.9.112786/out/client/extension.js:54:383170)
	at g.provideCodeLenses (/home/thebluechalk/.vscode-oss/extensions/ms-python.python-2020.9.112786/out/client/extension.js:56:230757)
	at /usr/lib/code/out/vs/workbench/services/extensions/node/extensionHostProcess.js:731:671
	at /usr/lib/code/out/vs/workbench/services/extensions/node/extensionHostProcess.js:51:976
	at new Promise (<anonymous>)
	at Object.t.asPromise (/usr/lib/code/out/vs/workbench/services/extensions/node/extensionHostProcess.js:51:948)
	at _.provideCodeLenses (/usr/lib/code/out/vs/workbench/services/extensions/node/extensionHostProcess.js:731:642)
	at /usr/lib/code/out/vs/workbench/services/extensions/node/extensionHostProcess.js:753:370
	at K._withAdapter (/usr/lib/code/out/vs/workbench/services/extensions/node/extensionHostProcess.js:752:10)
	at K.$provideCodeLenses (/usr/lib/code/out/vs/workbench/services/extensions/node/extensionHostProcess.js:753:348)
	at m._doInvokeHandler (/usr/lib/code/out/vs/workbench/services/extensions/node/extensionHostProcess.js:870:464)
	at m._invokeHandler (/usr/lib/code/out/vs/workbench/services/extensions/node/extensionHostProcess.js:870:156)
	at m._receiveRequest (/usr/lib/code/out/vs/workbench/services/extensions/node/extensionHostProcess.js:868:766)
	at m._receiveOneMessage (/usr/lib/code/out/vs/workbench/services/extensions/node/extensionHostProcess.js:867:623)
	at /usr/lib/code/out/vs/workbench/services/extensions/node/extensionHostProcess.js:865:691
	at l.fire (/usr/lib/code/out/vs/workbench/services/extensions/node/extensionHostProcess.js:45:801)
	at v.fire (/usr/lib/code/out/vs/workbench/services/extensions/node/extensionHostProcess.js:256:381)
	at /usr/lib/code/out/vs/workbench/services/extensions/node/extensionHostProcess.js:1059:179
	at l.fire (/usr/lib/code/out/vs/workbench/services/extensions/node/extensionHostProcess.js:45:801)
	at v.fire (/usr/lib/code/out/vs/workbench/services/extensions/node/extensionHostProcess.js:256:381)
	at t.PersistentProtocol._receiveMessage (/usr/lib/code/out/vs/workbench/services/extensions/node/extensionHostProcess.js:261:451)
	at /usr/lib/code/out/vs/workbench/services/extensions/node/extensionHostProcess.js:258:489
	at l.fire (/usr/lib/code/out/vs/workbench/services/extensions/node/extensionHostProcess.js:45:801)
	at p.acceptChunk (/usr/lib/code/out/vs/workbench/services/extensions/node/extensionHostProcess.js:253:851)
	at /usr/lib/code/out/vs/workbench/services/extensions/node/extensionHostProcess.js:253:203
	at Socket.t (/usr/lib/code/out/vs/workbench/services/extensions/node/extensionHostProcess.js:263:54)
	at Socket.emit (events.js:223:5)
	at addChunk (_stream_readable.js:309:12)
	at readableAddChunk (_stream_readable.js:290:11)
	at Socket.Readable.push (_stream_readable.js:224:10)
	at Pipe.onStreamRead (internal/stream_base_commons.js:181:23)
[2020-11-11 17:15:58.510] [renderer1] [error] [ms-python.python]: Proposed API is only available when running out of dev or with the following command line switch: --enable-proposed-api ms-python.python: Error: [ms-python.python]: Proposed API is only available when running out of dev or with the following command line switch: --enable-proposed-api ms-python.python
	at a (/usr/lib/code/out/vs/workbench/services/extensions/node/extensionHostProcess.js:655:99)
	at Object.t.checkProposedApiEnabled (/usr/lib/code/out/vs/workbench/services/extensions/node/extensionHostProcess.js:655:567)
	at Object.get activeNotebookEditor [as activeNotebookEditor] (/usr/lib/code/out/vs/workbench/services/extensions/node/extensionHostProcess.js:1003:116)
	at u.get activeNotebookEditor [as activeNotebookEditor] (/home/thebluechalk/.vscode-oss/extensions/ms-python.python-2020.9.112786/out/client/extension.js:54:383170)
	at g.provideCodeLenses (/home/thebluechalk/.vscode-oss/extensions/ms-python.python-2020.9.112786/out/client/extension.js:56:230757)
	at /usr/lib/code/out/vs/workbench/services/extensions/node/extensionHostProcess.js:731:671
	at /usr/lib/code/out/vs/workbench/services/extensions/node/extensionHostProcess.js:51:976
	at new Promise (<anonymous>)
	at Object.t.asPromise (/usr/lib/code/out/vs/workbench/services/extensions/node/extensionHostProcess.js:51:948)
	at _.provideCodeLenses (/usr/lib/code/out/vs/workbench/services/extensions/node/extensionHostProcess.js:731:642)
	at /usr/lib/code/out/vs/workbench/services/extensions/node/extensionHostProcess.js:753:370
	at K._withAdapter (/usr/lib/code/out/vs/workbench/services/extensions/node/extensionHostProcess.js:752:10)
	at K.$provideCodeLenses (/usr/lib/code/out/vs/workbench/services/extensions/node/extensionHostProcess.js:753:348)
	at m._doInvokeHandler (/usr/lib/code/out/vs/workbench/services/extensions/node/extensionHostProcess.js:870:464)
	at m._invokeHandler (/usr/lib/code/out/vs/workbench/services/extensions/node/extensionHostProcess.js:870:156)
	at m._receiveRequest (/usr/lib/code/out/vs/workbench/services/extensions/node/extensionHostProcess.js:868:766)
	at m._receiveOneMessage (/usr/lib/code/out/vs/workbench/services/extensions/node/extensionHostProcess.js:867:623)
	at /usr/lib/code/out/vs/workbench/services/extensions/node/extensionHostProcess.js:865:691
	at l.fire (/usr/lib/code/out/vs/workbench/services/extensions/node/extensionHostProcess.js:45:801)
	at v.fire (/usr/lib/code/out/vs/workbench/services/extensions/node/extensionHostProcess.js:256:381)
	at /usr/lib/code/out/vs/workbench/services/extensions/node/extensionHostProcess.js:1059:179
	at l.fire (/usr/lib/code/out/vs/workbench/services/extensions/node/extensionHostProcess.js:45:801)
	at v.fire (/usr/lib/code/out/vs/workbench/services/extensions/node/extensionHostProcess.js:256:381)
	at t.PersistentProtocol._receiveMessage (/usr/lib/code/out/vs/workbench/services/extensions/node/extensionHostProcess.js:261:451)
	at /usr/lib/code/out/vs/workbench/services/extensions/node/extensionHostProcess.js:258:489
	at l.fire (/usr/lib/code/out/vs/workbench/services/extensions/node/extensionHostProcess.js:45:801)
	at p.acceptChunk (/usr/lib/code/out/vs/workbench/services/extensions/node/extensionHostProcess.js:253:851)
	at /usr/lib/code/out/vs/workbench/services/extensions/node/extensionHostProcess.js:253:203
	at Socket.t (/usr/lib/code/out/vs/workbench/services/extensions/node/extensionHostProcess.js:263:54)
	at Socket.emit (events.js:223:5)
	at addChunk (_stream_readable.js:309:12)
	at readableAddChunk (_stream_readable.js:290:11)
	at Socket.Readable.push (_stream_readable.js:224:10)
	at Pipe.onStreamRead (internal/stream_base_commons.js:181:23)
[2020-11-11 17:16:00.186] [renderer1] [error] [ms-python.python]: Proposed API is only available when running out of dev or with the following command line switch: --enable-proposed-api ms-python.python: Error: [ms-python.python]: Proposed API is only available when running out of dev or with the following command line switch: --enable-proposed-api ms-python.python
	at a (/usr/lib/code/out/vs/workbench/services/extensions/node/extensionHostProcess.js:655:99)
	at Object.t.checkProposedApiEnabled (/usr/lib/code/out/vs/workbench/services/extensions/node/extensionHostProcess.js:655:567)
	at Object.get activeNotebookEditor [as activeNotebookEditor] (/usr/lib/code/out/vs/workbench/services/extensions/node/extensionHostProcess.js:1003:116)
	at u.get activeNotebookEditor [as activeNotebookEditor] (/home/thebluechalk/.vscode-oss/extensions/ms-python.python-2020.9.112786/out/client/extension.js:54:383170)
	at g.provideCodeLenses (/home/thebluechalk/.vscode-oss/extensions/ms-python.python-2020.9.112786/out/client/extension.js:56:230757)
	at /usr/lib/code/out/vs/workbench/services/extensions/node/extensionHostProcess.js:731:671
	at /usr/lib/code/out/vs/workbench/services/extensions/node/extensionHostProcess.js:51:976
	at new Promise (<anonymous>)
	at Object.t.asPromise (/usr/lib/code/out/vs/workbench/services/extensions/node/extensionHostProcess.js:51:948)
	at _.provideCodeLenses (/usr/lib/code/out/vs/workbench/services/extensions/node/extensionHostProcess.js:731:642)
	at /usr/lib/code/out/vs/workbench/services/extensions/node/extensionHostProcess.js:753:370
	at K._withAdapter (/usr/lib/code/out/vs/workbench/services/extensions/node/extensionHostProcess.js:752:10)
	at K.$provideCodeLenses (/usr/lib/code/out/vs/workbench/services/extensions/node/extensionHostProcess.js:753:348)
	at m._doInvokeHandler (/usr/lib/code/out/vs/workbench/services/extensions/node/extensionHostProcess.js:870:464)
	at m._invokeHandler (/usr/lib/code/out/vs/workbench/services/extensions/node/extensionHostProcess.js:870:156)
	at m._receiveRequest (/usr/lib/code/out/vs/workbench/services/extensions/node/extensionHostProcess.js:868:766)
	at m._receiveOneMessage (/usr/lib/code/out/vs/workbench/services/extensions/node/extensionHostProcess.js:867:623)
	at /usr/lib/code/out/vs/workbench/services/extensions/node/extensionHostProcess.js:865:691
	at l.fire (/usr/lib/code/out/vs/workbench/services/extensions/node/extensionHostProcess.js:45:801)
	at v.fire (/usr/lib/code/out/vs/workbench/services/extensions/node/extensionHostProcess.js:256:381)
	at /usr/lib/code/out/vs/workbench/services/extensions/node/extensionHostProcess.js:1059:179
	at l.fire (/usr/lib/code/out/vs/workbench/services/extensions/node/extensionHostProcess.js:45:801)
	at v.fire (/usr/lib/code/out/vs/workbench/services/extensions/node/extensionHostProcess.js:256:381)
	at t.PersistentProtocol._receiveMessage (/usr/lib/code/out/vs/workbench/services/extensions/node/extensionHostProcess.js:261:451)
	at /usr/lib/code/out/vs/workbench/services/extensions/node/extensionHostProcess.js:258:489
	at l.fire (/usr/lib/code/out/vs/workbench/services/extensions/node/extensionHostProcess.js:45:801)
	at p.acceptChunk (/usr/lib/code/out/vs/workbench/services/extensions/node/extensionHostProcess.js:253:851)
	at /usr/lib/code/out/vs/workbench/services/extensions/node/extensionHostProcess.js:253:203
	at Socket.t (/usr/lib/code/out/vs/workbench/services/extensions/node/extensionHostProcess.js:263:54)
	at Socket.emit (events.js:223:5)
	at addChunk (_stream_readable.js:309:12)
	at readableAddChunk (_stream_readable.js:290:11)
	at Socket.Readable.push (_stream_readable.js:224:10)
	at Pipe.onStreamRead (internal/stream_base_commons.js:181:23)
[2020-11-11 17:16:01.557] [renderer1] [error] [ms-python.python]: Proposed API is only available when running out of dev or with the following command line switch: --enable-proposed-api ms-python.python: Error: [ms-python.python]: Proposed API is only available when running out of dev or with the following command line switch: --enable-proposed-api ms-python.python
	at a (/usr/lib/code/out/vs/workbench/services/extensions/node/extensionHostProcess.js:655:99)
	at Object.t.checkProposedApiEnabled (/usr/lib/code/out/vs/workbench/services/extensions/node/extensionHostProcess.js:655:567)
	at Object.get activeNotebookEditor [as activeNotebookEditor] (/usr/lib/code/out/vs/workbench/services/extensions/node/extensionHostProcess.js:1003:116)
	at u.get activeNotebookEditor [as activeNotebookEditor] (/home/thebluechalk/.vscode-oss/extensions/ms-python.python-2020.9.112786/out/client/extension.js:54:383170)
	at g.provideCodeLenses (/home/thebluechalk/.vscode-oss/extensions/ms-python.python-2020.9.112786/out/client/extension.js:56:230757)
	at /usr/lib/code/out/vs/workbench/services/extensions/node/extensionHostProcess.js:731:671
	at /usr/lib/code/out/vs/workbench/services/extensions/node/extensionHostProcess.js:51:976
	at new Promise (<anonymous>)
	at Object.t.asPromise (/usr/lib/code/out/vs/workbench/services/extensions/node/extensionHostProcess.js:51:948)
	at _.provideCodeLenses (/usr/lib/code/out/vs/workbench/services/extensions/node/extensionHostProcess.js:731:642)
	at /usr/lib/code/out/vs/workbench/services/extensions/node/extensionHostProcess.js:753:370
	at K._withAdapter (/usr/lib/code/out/vs/workbench/services/extensions/node/extensionHostProcess.js:752:10)
	at K.$provideCodeLenses (/usr/lib/code/out/vs/workbench/services/extensions/node/extensionHostProcess.js:753:348)
	at m._doInvokeHandler (/usr/lib/code/out/vs/workbench/services/extensions/node/extensionHostProcess.js:870:464)
	at m._invokeHandler (/usr/lib/code/out/vs/workbench/services/extensions/node/extensionHostProcess.js:870:156)
	at m._receiveRequest (/usr/lib/code/out/vs/workbench/services/extensions/node/extensionHostProcess.js:868:766)
	at m._receiveOneMessage (/usr/lib/code/out/vs/workbench/services/extensions/node/extensionHostProcess.js:867:623)
	at /usr/lib/code/out/vs/workbench/services/extensions/node/extensionHostProcess.js:865:691
	at l.fire (/usr/lib/code/out/vs/workbench/services/extensions/node/extensionHostProcess.js:45:801)
	at v.fire (/usr/lib/code/out/vs/workbench/services/extensions/node/extensionHostProcess.js:256:381)
	at /usr/lib/code/out/vs/workbench/services/extensions/node/extensionHostProcess.js:1059:179
	at l.fire (/usr/lib/code/out/vs/workbench/services/extensions/node/extensionHostProcess.js:45:801)
	at v.fire (/usr/lib/code/out/vs/workbench/services/extensions/node/extensionHostProcess.js:256:381)
	at t.PersistentProtocol._receiveMessage (/usr/lib/code/out/vs/workbench/services/extensions/node/extensionHostProcess.js:261:451)
	at /usr/lib/code/out/vs/workbench/services/extensions/node/extensionHostProcess.js:258:489
	at l.fire (/usr/lib/code/out/vs/workbench/services/extensions/node/extensionHostProcess.js:45:801)
	at p.acceptChunk (/usr/lib/code/out/vs/workbench/services/extensions/node/extensionHostProcess.js:253:851)
	at /usr/lib/code/out/vs/workbench/services/extensions/node/extensionHostProcess.js:253:203
	at Socket.t (/usr/lib/code/out/vs/workbench/services/extensions/node/extensionHostProcess.js:263:54)
	at Socket.emit (events.js:223:5)
	at addChunk (_stream_readable.js:309:12)
	at readableAddChunk (_stream_readable.js:290:11)
	at Socket.Readable.push (_stream_readable.js:224:10)
	at Pipe.onStreamRead (internal/stream_base_commons.js:181:23)
[2020-11-11 17:16:02.591] [renderer1] [error] [ms-python.python]: Proposed API is only available when running out of dev or with the following command line switch: --enable-proposed-api ms-python.python: Error: [ms-python.python]: Proposed API is only available when running out of dev or with the following command line switch: --enable-proposed-api ms-python.python
	at a (/usr/lib/code/out/vs/workbench/services/extensions/node/extensionHostProcess.js:655:99)
	at Object.t.checkProposedApiEnabled (/usr/lib/code/out/vs/workbench/services/extensions/node/extensionHostProcess.js:655:567)
	at Object.get activeNotebookEditor [as activeNotebookEditor] (/usr/lib/code/out/vs/workbench/services/extensions/node/extensionHostProcess.js:1003:116)
	at u.get activeNotebookEditor [as activeNotebookEditor] (/home/thebluechalk/.vscode-oss/extensions/ms-python.python-2020.9.112786/out/client/extension.js:54:383170)
	at g.provideCodeLenses (/home/thebluechalk/.vscode-oss/extensions/ms-python.python-2020.9.112786/out/client/extension.js:56:230757)
	at /usr/lib/code/out/vs/workbench/services/extensions/node/extensionHostProcess.js:731:671
	at /usr/lib/code/out/vs/workbench/services/extensions/node/extensionHostProcess.js:51:976
	at new Promise (<anonymous>)
	at Object.t.asPromise (/usr/lib/code/out/vs/workbench/services/extensions/node/extensionHostProcess.js:51:948)
	at _.provideCodeLenses (/usr/lib/code/out/vs/workbench/services/extensions/node/extensionHostProcess.js:731:642)
	at /usr/lib/code/out/vs/workbench/services/extensions/node/extensionHostProcess.js:753:370
	at K._withAdapter (/usr/lib/code/out/vs/workbench/services/extensions/node/extensionHostProcess.js:752:10)
	at K.$provideCodeLenses (/usr/lib/code/out/vs/workbench/services/extensions/node/extensionHostProcess.js:753:348)
	at m._doInvokeHandler (/usr/lib/code/out/vs/workbench/services/extensions/node/extensionHostProcess.js:870:464)
	at m._invokeHandler (/usr/lib/code/out/vs/workbench/services/extensions/node/extensionHostProcess.js:870:156)
	at m._receiveRequest (/usr/lib/code/out/vs/workbench/services/extensions/node/extensionHostProcess.js:868:766)
	at m._receiveOneMessage (/usr/lib/code/out/vs/workbench/services/extensions/node/extensionHostProcess.js:867:623)
	at /usr/lib/code/out/vs/workbench/services/extensions/node/extensionHostProcess.js:865:691
	at l.fire (/usr/lib/code/out/vs/workbench/services/extensions/node/extensionHostProcess.js:45:801)
	at v.fire (/usr/lib/code/out/vs/workbench/services/extensions/node/extensionHostProcess.js:256:381)
	at /usr/lib/code/out/vs/workbench/services/extensions/node/extensionHostProcess.js:1059:179
	at l.fire (/usr/lib/code/out/vs/workbench/services/extensions/node/extensionHostProcess.js:45:801)
	at v.fire (/usr/lib/code/out/vs/workbench/services/extensions/node/extensionHostProcess.js:256:381)
	at t.PersistentProtocol._receiveMessage (/usr/lib/code/out/vs/workbench/services/extensions/node/extensionHostProcess.js:261:451)
	at /usr/lib/code/out/vs/workbench/services/extensions/node/extensionHostProcess.js:258:489
	at l.fire (/usr/lib/code/out/vs/workbench/services/extensions/node/extensionHostProcess.js:45:801)
	at p.acceptChunk (/usr/lib/code/out/vs/workbench/services/extensions/node/extensionHostProcess.js:253:851)
	at /usr/lib/code/out/vs/workbench/services/extensions/node/extensionHostProcess.js:253:203
	at Socket.t (/usr/lib/code/out/vs/workbench/services/extensions/node/extensionHostProcess.js:263:54)
	at Socket.emit (events.js:223:5)
	at addChunk (_stream_readable.js:309:12)
	at readableAddChunk (_stream_readable.js:290:11)
	at Socket.Readable.push (_stream_readable.js:224:10)
	at Pipe.onStreamRead (internal/stream_base_commons.js:181:23)
[2020-11-11 17:18:27.467] [renderer1] [error] [ms-python.python]: Proposed API is only available when running out of dev or with the following command line switch: --enable-proposed-api ms-python.python: Error: [ms-python.python]: Proposed API is only available when running out of dev or with the following command line switch: --enable-proposed-api ms-python.python
	at a (/usr/lib/code/out/vs/workbench/services/extensions/node/extensionHostProcess.js:655:99)
	at Object.t.checkProposedApiEnabled (/usr/lib/code/out/vs/workbench/services/extensions/node/extensionHostProcess.js:655:567)
	at Object.get activeNotebookEditor [as activeNotebookEditor] (/usr/lib/code/out/vs/workbench/services/extensions/node/extensionHostProcess.js:1003:116)
	at u.get activeNotebookEditor [as activeNotebookEditor] (/home/thebluechalk/.vscode-oss/extensions/ms-python.python-2020.9.112786/out/client/extension.js:54:383170)
	at g.provideCodeLenses (/home/thebluechalk/.vscode-oss/extensions/ms-python.python-2020.9.112786/out/client/extension.js:56:230757)
	at /usr/lib/code/out/vs/workbench/services/extensions/node/extensionHostProcess.js:731:671
	at /usr/lib/code/out/vs/workbench/services/extensions/node/extensionHostProcess.js:51:976
	at new Promise (<anonymous>)
	at Object.t.asPromise (/usr/lib/code/out/vs/workbench/services/extensions/node/extensionHostProcess.js:51:948)
	at _.provideCodeLenses (/usr/lib/code/out/vs/workbench/services/extensions/node/extensionHostProcess.js:731:642)
	at /usr/lib/code/out/vs/workbench/services/extensions/node/extensionHostProcess.js:753:370
	at K._withAdapter (/usr/lib/code/out/vs/workbench/services/extensions/node/extensionHostProcess.js:752:10)
	at K.$provideCodeLenses (/usr/lib/code/out/vs/workbench/services/extensions/node/extensionHostProcess.js:753:348)
	at m._doInvokeHandler (/usr/lib/code/out/vs/workbench/services/extensions/node/extensionHostProcess.js:870:464)
	at m._invokeHandler (/usr/lib/code/out/vs/workbench/services/extensions/node/extensionHostProcess.js:870:156)
	at m._receiveRequest (/usr/lib/code/out/vs/workbench/services/extensions/node/extensionHostProcess.js:868:766)
	at m._receiveOneMessage (/usr/lib/code/out/vs/workbench/services/extensions/node/extensionHostProcess.js:867:623)
	at /usr/lib/code/out/vs/workbench/services/extensions/node/extensionHostProcess.js:865:691
	at l.fire (/usr/lib/code/out/vs/workbench/services/extensions/node/extensionHostProcess.js:45:801)
	at v.fire (/usr/lib/code/out/vs/workbench/services/extensions/node/extensionHostProcess.js:256:381)
	at /usr/lib/code/out/vs/workbench/services/extensions/node/extensionHostProcess.js:1059:179
	at l.fire (/usr/lib/code/out/vs/workbench/services/extensions/node/extensionHostProcess.js:45:801)
	at v.fire (/usr/lib/code/out/vs/workbench/services/extensions/node/extensionHostProcess.js:256:381)
	at t.PersistentProtocol._receiveMessage (/usr/lib/code/out/vs/workbench/services/extensions/node/extensionHostProcess.js:261:451)
	at /usr/lib/code/out/vs/workbench/services/extensions/node/extensionHostProcess.js:258:489
	at l.fire (/usr/lib/code/out/vs/workbench/services/extensions/node/extensionHostProcess.js:45:801)
	at p.acceptChunk (/usr/lib/code/out/vs/workbench/services/extensions/node/extensionHostProcess.js:253:851)
	at /usr/lib/code/out/vs/workbench/services/extensions/node/extensionHostProcess.js:253:203
	at Socket.t (/usr/lib/code/out/vs/workbench/services/extensions/node/extensionHostProcess.js:263:54)
	at Socket.emit (events.js:223:5)
	at addChunk (_stream_readable.js:309:12)
	at readableAddChunk (_stream_readable.js:290:11)
	at Socket.Readable.push (_stream_readable.js:224:10)
	at Pipe.onStreamRead (internal/stream_base_commons.js:181:23)
[2020-11-11 17:18:29.397] [renderer1] [error] [ms-python.python]: Proposed API is only available when running out of dev or with the following command line switch: --enable-proposed-api ms-python.python: Error: [ms-python.python]: Proposed API is only available when running out of dev or with the following command line switch: --enable-proposed-api ms-python.python
	at a (/usr/lib/code/out/vs/workbench/services/extensions/node/extensionHostProcess.js:655:99)
	at Object.t.checkProposedApiEnabled (/usr/lib/code/out/vs/workbench/services/extensions/node/extensionHostProcess.js:655:567)
	at Object.get activeNotebookEditor [as activeNotebookEditor] (/usr/lib/code/out/vs/workbench/services/extensions/node/extensionHostProcess.js:1003:116)
	at u.get activeNotebookEditor [as activeNotebookEditor] (/home/thebluechalk/.vscode-oss/extensions/ms-python.python-2020.9.112786/out/client/extension.js:54:383170)
	at g.provideCodeLenses (/home/thebluechalk/.vscode-oss/extensions/ms-python.python-2020.9.112786/out/client/extension.js:56:230757)
	at /usr/lib/code/out/vs/workbench/services/extensions/node/extensionHostProcess.js:731:671
	at /usr/lib/code/out/vs/workbench/services/extensions/node/extensionHostProcess.js:51:976
	at new Promise (<anonymous>)
	at Object.t.asPromise (/usr/lib/code/out/vs/workbench/services/extensions/node/extensionHostProcess.js:51:948)
	at _.provideCodeLenses (/usr/lib/code/out/vs/workbench/services/extensions/node/extensionHostProcess.js:731:642)
	at /usr/lib/code/out/vs/workbench/services/extensions/node/extensionHostProcess.js:753:370
	at K._withAdapter (/usr/lib/code/out/vs/workbench/services/extensions/node/extensionHostProcess.js:752:10)
	at K.$provideCodeLenses (/usr/lib/code/out/vs/workbench/services/extensions/node/extensionHostProcess.js:753:348)
	at m._doInvokeHandler (/usr/lib/code/out/vs/workbench/services/extensions/node/extensionHostProcess.js:870:464)
	at m._invokeHandler (/usr/lib/code/out/vs/workbench/services/extensions/node/extensionHostProcess.js:870:156)
	at m._receiveRequest (/usr/lib/code/out/vs/workbench/services/extensions/node/extensionHostProcess.js:868:766)
	at m._receiveOneMessage (/usr/lib/code/out/vs/workbench/services/extensions/node/extensionHostProcess.js:867:623)
	at /usr/lib/code/out/vs/workbench/services/extensions/node/extensionHostProcess.js:865:691
	at l.fire (/usr/lib/code/out/vs/workbench/services/extensions/node/extensionHostProcess.js:45:801)
	at v.fire (/usr/lib/code/out/vs/workbench/services/extensions/node/extensionHostProcess.js:256:381)
	at /usr/lib/code/out/vs/workbench/services/extensions/node/extensionHostProcess.js:1059:179
	at l.fire (/usr/lib/code/out/vs/workbench/services/extensions/node/extensionHostProcess.js:45:801)
	at v.fire (/usr/lib/code/out/vs/workbench/services/extensions/node/extensionHostProcess.js:256:381)
	at t.PersistentProtocol._receiveMessage (/usr/lib/code/out/vs/workbench/services/extensions/node/extensionHostProcess.js:261:451)
	at /usr/lib/code/out/vs/workbench/services/extensions/node/extensionHostProcess.js:258:489
	at l.fire (/usr/lib/code/out/vs/workbench/services/extensions/node/extensionHostProcess.js:45:801)
	at p.acceptChunk (/usr/lib/code/out/vs/workbench/services/extensions/node/extensionHostProcess.js:253:851)
	at /usr/lib/code/out/vs/workbench/services/extensions/node/extensionHostProcess.js:253:203
	at Socket.t (/usr/lib/code/out/vs/workbench/services/extensions/node/extensionHostProcess.js:263:54)
	at Socket.emit (events.js:223:5)
	at addChunk (_stream_readable.js:309:12)
	at readableAddChunk (_stream_readable.js:290:11)
	at Socket.Readable.push (_stream_readable.js:224:10)
	at Pipe.onStreamRead (internal/stream_base_commons.js:181:23)
[2020-11-11 17:18:35.177] [renderer1] [error] [ms-python.python]: Proposed API is only available when running out of dev or with the following command line switch: --enable-proposed-api ms-python.python: Error: [ms-python.python]: Proposed API is only available when running out of dev or with the following command line switch: --enable-proposed-api ms-python.python
	at a (/usr/lib/code/out/vs/workbench/services/extensions/node/extensionHostProcess.js:655:99)
	at Object.t.checkProposedApiEnabled (/usr/lib/code/out/vs/workbench/services/extensions/node/extensionHostProcess.js:655:567)
	at Object.get activeNotebookEditor [as activeNotebookEditor] (/usr/lib/code/out/vs/workbench/services/extensions/node/extensionHostProcess.js:1003:116)
	at u.get activeNotebookEditor [as activeNotebookEditor] (/home/thebluechalk/.vscode-oss/extensions/ms-python.python-2020.9.112786/out/client/extension.js:54:383170)
	at g.provideCodeLenses (/home/thebluechalk/.vscode-oss/extensions/ms-python.python-2020.9.112786/out/client/extension.js:56:230757)
	at /usr/lib/code/out/vs/workbench/services/extensions/node/extensionHostProcess.js:731:671
	at /usr/lib/code/out/vs/workbench/services/extensions/node/extensionHostProcess.js:51:976
	at new Promise (<anonymous>)
	at Object.t.asPromise (/usr/lib/code/out/vs/workbench/services/extensions/node/extensionHostProcess.js:51:948)
	at _.provideCodeLenses (/usr/lib/code/out/vs/workbench/services/extensions/node/extensionHostProcess.js:731:642)
	at /usr/lib/code/out/vs/workbench/services/extensions/node/extensionHostProcess.js:753:370
	at K._withAdapter (/usr/lib/code/out/vs/workbench/services/extensions/node/extensionHostProcess.js:752:10)
	at K.$provideCodeLenses (/usr/lib/code/out/vs/workbench/services/extensions/node/extensionHostProcess.js:753:348)
	at m._doInvokeHandler (/usr/lib/code/out/vs/workbench/services/extensions/node/extensionHostProcess.js:870:464)
	at m._invokeHandler (/usr/lib/code/out/vs/workbench/services/extensions/node/extensionHostProcess.js:870:156)
	at m._receiveRequest (/usr/lib/code/out/vs/workbench/services/extensions/node/extensionHostProcess.js:868:766)
	at m._receiveOneMessage (/usr/lib/code/out/vs/workbench/services/extensions/node/extensionHostProcess.js:867:623)
	at /usr/lib/code/out/vs/workbench/services/extensions/node/extensionHostProcess.js:865:691
	at l.fire (/usr/lib/code/out/vs/workbench/services/extensions/node/extensionHostProcess.js:45:801)
	at v.fire (/usr/lib/code/out/vs/workbench/services/extensions/node/extensionHostProcess.js:256:381)
	at /usr/lib/code/out/vs/workbench/services/extensions/node/extensionHostProcess.js:1059:179
	at l.fire (/usr/lib/code/out/vs/workbench/services/extensions/node/extensionHostProcess.js:45:801)
	at v.fire (/usr/lib/code/out/vs/workbench/services/extensions/node/extensionHostProcess.js:256:381)
	at t.PersistentProtocol._receiveMessage (/usr/lib/code/out/vs/workbench/services/extensions/node/extensionHostProcess.js:261:451)
	at /usr/lib/code/out/vs/workbench/services/extensions/node/extensionHostProcess.js:258:489
	at l.fire (/usr/lib/code/out/vs/workbench/services/extensions/node/extensionHostProcess.js:45:801)
	at p.acceptChunk (/usr/lib/code/out/vs/workbench/services/extensions/node/extensionHostProcess.js:253:851)
	at /usr/lib/code/out/vs/workbench/services/extensions/node/extensionHostProcess.js:253:203
	at Socket.t (/usr/lib/code/out/vs/workbench/services/extensions/node/extensionHostProcess.js:263:54)
	at Socket.emit (events.js:223:5)
	at addChunk (_stream_readable.js:309:12)
	at readableAddChunk (_stream_readable.js:290:11)
	at Socket.Readable.push (_stream_readable.js:224:10)
	at Pipe.onStreamRead (internal/stream_base_commons.js:181:23)
[2020-11-11 17:18:36.954] [renderer1] [error] [ms-python.python]: Proposed API is only available when running out of dev or with the following command line switch: --enable-proposed-api ms-python.python: Error: [ms-python.python]: Proposed API is only available when running out of dev or with the following command line switch: --enable-proposed-api ms-python.python
	at a (/usr/lib/code/out/vs/workbench/services/extensions/node/extensionHostProcess.js:655:99)
	at Object.t.checkProposedApiEnabled (/usr/lib/code/out/vs/workbench/services/extensions/node/extensionHostProcess.js:655:567)
	at Object.get activeNotebookEditor [as activeNotebookEditor] (/usr/lib/code/out/vs/workbench/services/extensions/node/extensionHostProcess.js:1003:116)
	at u.get activeNotebookEditor [as activeNotebookEditor] (/home/thebluechalk/.vscode-oss/extensions/ms-python.python-2020.9.112786/out/client/extension.js:54:383170)
	at g.provideCodeLenses (/home/thebluechalk/.vscode-oss/extensions/ms-python.python-2020.9.112786/out/client/extension.js:56:230757)
	at /usr/lib/code/out/vs/workbench/services/extensions/node/extensionHostProcess.js:731:671
	at /usr/lib/code/out/vs/workbench/services/extensions/node/extensionHostProcess.js:51:976
	at new Promise (<anonymous>)
	at Object.t.asPromise (/usr/lib/code/out/vs/workbench/services/extensions/node/extensionHostProcess.js:51:948)
	at _.provideCodeLenses (/usr/lib/code/out/vs/workbench/services/extensions/node/extensionHostProcess.js:731:642)
	at /usr/lib/code/out/vs/workbench/services/extensions/node/extensionHostProcess.js:753:370
	at K._withAdapter (/usr/lib/code/out/vs/workbench/services/extensions/node/extensionHostProcess.js:752:10)
	at K.$provideCodeLenses (/usr/lib/code/out/vs/workbench/services/extensions/node/extensionHostProcess.js:753:348)
	at m._doInvokeHandler (/usr/lib/code/out/vs/workbench/services/extensions/node/extensionHostProcess.js:870:464)
	at m._invokeHandler (/usr/lib/code/out/vs/workbench/services/extensions/node/extensionHostProcess.js:870:156)
	at m._receiveRequest (/usr/lib/code/out/vs/workbench/services/extensions/node/extensionHostProcess.js:868:766)
	at m._receiveOneMessage (/usr/lib/code/out/vs/workbench/services/extensions/node/extensionHostProcess.js:867:623)
	at /usr/lib/code/out/vs/workbench/services/extensions/node/extensionHostProcess.js:865:691
	at l.fire (/usr/lib/code/out/vs/workbench/services/extensions/node/extensionHostProcess.js:45:801)
	at v.fire (/usr/lib/code/out/vs/workbench/services/extensions/node/extensionHostProcess.js:256:381)
	at /usr/lib/code/out/vs/workbench/services/extensions/node/extensionHostProcess.js:1059:179
	at l.fire (/usr/lib/code/out/vs/workbench/services/extensions/node/extensionHostProcess.js:45:801)
	at v.fire (/usr/lib/code/out/vs/workbench/services/extensions/node/extensionHostProcess.js:256:381)
	at t.PersistentProtocol._receiveMessage (/usr/lib/code/out/vs/workbench/services/extensions/node/extensionHostProcess.js:261:451)
	at /usr/lib/code/out/vs/workbench/services/extensions/node/extensionHostProcess.js:258:489
	at l.fire (/usr/lib/code/out/vs/workbench/services/extensions/node/extensionHostProcess.js:45:801)
	at p.acceptChunk (/usr/lib/code/out/vs/workbench/services/extensions/node/extensionHostProcess.js:253:851)
	at /usr/lib/code/out/vs/workbench/services/extensions/node/extensionHostProcess.js:253:203
	at Socket.t (/usr/lib/code/out/vs/workbench/services/extensions/node/extensionHostProcess.js:263:54)
	at Socket.emit (events.js:223:5)
	at addChunk (_stream_readable.js:309:12)
	at readableAddChunk (_stream_readable.js:290:11)
	at Socket.Readable.push (_stream_readable.js:224:10)
	at Pipe.onStreamRead (internal/stream_base_commons.js:181:23)
[2020-11-11 17:18:37.964] [renderer1] [error] [ms-python.python]: Proposed API is only available when running out of dev or with the following command line switch: --enable-proposed-api ms-python.python: Error: [ms-python.python]: Proposed API is only available when running out of dev or with the following command line switch: --enable-proposed-api ms-python.python
	at a (/usr/lib/code/out/vs/workbench/services/extensions/node/extensionHostProcess.js:655:99)
	at Object.t.checkProposedApiEnabled (/usr/lib/code/out/vs/workbench/services/extensions/node/extensionHostProcess.js:655:567)
	at Object.get activeNotebookEditor [as activeNotebookEditor] (/usr/lib/code/out/vs/workbench/services/extensions/node/extensionHostProcess.js:1003:116)
	at u.get activeNotebookEditor [as activeNotebookEditor] (/home/thebluechalk/.vscode-oss/extensions/ms-python.python-2020.9.112786/out/client/extension.js:54:383170)
	at g.provideCodeLenses (/home/thebluechalk/.vscode-oss/extensions/ms-python.python-2020.9.112786/out/client/extension.js:56:230757)
	at /usr/lib/code/out/vs/workbench/services/extensions/node/extensionHostProcess.js:731:671
	at /usr/lib/code/out/vs/workbench/services/extensions/node/extensionHostProcess.js:51:976
	at new Promise (<anonymous>)
	at Object.t.asPromise (/usr/lib/code/out/vs/workbench/services/extensions/node/extensionHostProcess.js:51:948)
	at _.provideCodeLenses (/usr/lib/code/out/vs/workbench/services/extensions/node/extensionHostProcess.js:731:642)
	at /usr/lib/code/out/vs/workbench/services/extensions/node/extensionHostProcess.js:753:370
	at K._withAdapter (/usr/lib/code/out/vs/workbench/services/extensions/node/extensionHostProcess.js:752:10)
	at K.$provideCodeLenses (/usr/lib/code/out/vs/workbench/services/extensions/node/extensionHostProcess.js:753:348)
	at m._doInvokeHandler (/usr/lib/code/out/vs/workbench/services/extensions/node/extensionHostProcess.js:870:464)
	at m._invokeHandler (/usr/lib/code/out/vs/workbench/services/extensions/node/extensionHostProcess.js:870:156)
	at m._receiveRequest (/usr/lib/code/out/vs/workbench/services/extensions/node/extensionHostProcess.js:868:766)
	at m._receiveOneMessage (/usr/lib/code/out/vs/workbench/services/extensions/node/extensionHostProcess.js:867:623)
	at /usr/lib/code/out/vs/workbench/services/extensions/node/extensionHostProcess.js:865:691
	at l.fire (/usr/lib/code/out/vs/workbench/services/extensions/node/extensionHostProcess.js:45:801)
	at v.fire (/usr/lib/code/out/vs/workbench/services/extensions/node/extensionHostProcess.js:256:381)
	at /usr/lib/code/out/vs/workbench/services/extensions/node/extensionHostProcess.js:1059:179
	at l.fire (/usr/lib/code/out/vs/workbench/services/extensions/node/extensionHostProcess.js:45:801)
	at v.fire (/usr/lib/code/out/vs/workbench/services/extensions/node/extensionHostProcess.js:256:381)
	at t.PersistentProtocol._receiveMessage (/usr/lib/code/out/vs/workbench/services/extensions/node/extensionHostProcess.js:261:451)
	at /usr/lib/code/out/vs/workbench/services/extensions/node/extensionHostProcess.js:258:489
	at l.fire (/usr/lib/code/out/vs/workbench/services/extensions/node/extensionHostProcess.js:45:801)
	at p.acceptChunk (/usr/lib/code/out/vs/workbench/services/extensions/node/extensionHostProcess.js:253:851)
	at /usr/lib/code/out/vs/workbench/services/extensions/node/extensionHostProcess.js:253:203
	at Socket.t (/usr/lib/code/out/vs/workbench/services/extensions/node/extensionHostProcess.js:263:54)
	at Socket.emit (events.js:223:5)
	at addChunk (_stream_readable.js:309:12)
	at readableAddChunk (_stream_readable.js:290:11)
	at Socket.Readable.push (_stream_readable.js:224:10)
	at Pipe.onStreamRead (internal/stream_base_commons.js:181:23)
[2020-11-11 17:18:39.417] [renderer1] [error] [ms-python.python]: Proposed API is only available when running out of dev or with the following command line switch: --enable-proposed-api ms-python.python: Error: [ms-python.python]: Proposed API is only available when running out of dev or with the following command line switch: --enable-proposed-api ms-python.python
	at a (/usr/lib/code/out/vs/workbench/services/extensions/node/extensionHostProcess.js:655:99)
	at Object.t.checkProposedApiEnabled (/usr/lib/code/out/vs/workbench/services/extensions/node/extensionHostProcess.js:655:567)
	at Object.get activeNotebookEditor [as activeNotebookEditor] (/usr/lib/code/out/vs/workbench/services/extensions/node/extensionHostProcess.js:1003:116)
	at u.get activeNotebookEditor [as activeNotebookEditor] (/home/thebluechalk/.vscode-oss/extensions/ms-python.python-2020.9.112786/out/client/extension.js:54:383170)
	at g.provideCodeLenses (/home/thebluechalk/.vscode-oss/extensions/ms-python.python-2020.9.112786/out/client/extension.js:56:230757)
	at /usr/lib/code/out/vs/workbench/services/extensions/node/extensionHostProcess.js:731:671
	at /usr/lib/code/out/vs/workbench/services/extensions/node/extensionHostProcess.js:51:976
	at new Promise (<anonymous>)
	at Object.t.asPromise (/usr/lib/code/out/vs/workbench/services/extensions/node/extensionHostProcess.js:51:948)
	at _.provideCodeLenses (/usr/lib/code/out/vs/workbench/services/extensions/node/extensionHostProcess.js:731:642)
	at /usr/lib/code/out/vs/workbench/services/extensions/node/extensionHostProcess.js:753:370
	at K._withAdapter (/usr/lib/code/out/vs/workbench/services/extensions/node/extensionHostProcess.js:752:10)
	at K.$provideCodeLenses (/usr/lib/code/out/vs/workbench/services/extensions/node/extensionHostProcess.js:753:348)
	at m._doInvokeHandler (/usr/lib/code/out/vs/workbench/services/extensions/node/extensionHostProcess.js:870:464)
	at m._invokeHandler (/usr/lib/code/out/vs/workbench/services/extensions/node/extensionHostProcess.js:870:156)
	at m._receiveRequest (/usr/lib/code/out/vs/workbench/services/extensions/node/extensionHostProcess.js:868:766)
	at m._receiveOneMessage (/usr/lib/code/out/vs/workbench/services/extensions/node/extensionHostProcess.js:867:623)
	at /usr/lib/code/out/vs/workbench/services/extensions/node/extensionHostProcess.js:865:691
	at l.fire (/usr/lib/code/out/vs/workbench/services/extensions/node/extensionHostProcess.js:45:801)
	at v.fire (/usr/lib/code/out/vs/workbench/services/extensions/node/extensionHostProcess.js:256:381)
	at /usr/lib/code/out/vs/workbench/services/extensions/node/extensionHostProcess.js:1059:179
	at l.fire (/usr/lib/code/out/vs/workbench/services/extensions/node/extensionHostProcess.js:45:801)
	at v.fire (/usr/lib/code/out/vs/workbench/services/extensions/node/extensionHostProcess.js:256:381)
	at t.PersistentProtocol._receiveMessage (/usr/lib/code/out/vs/workbench/services/extensions/node/extensionHostProcess.js:261:451)
	at /usr/lib/code/out/vs/workbench/services/extensions/node/extensionHostProcess.js:258:489
	at l.fire (/usr/lib/code/out/vs/workbench/services/extensions/node/extensionHostProcess.js:45:801)
	at p.acceptChunk (/usr/lib/code/out/vs/workbench/services/extensions/node/extensionHostProcess.js:253:851)
	at /usr/lib/code/out/vs/workbench/services/extensions/node/extensionHostProcess.js:253:203
	at Socket.t (/usr/lib/code/out/vs/workbench/services/extensions/node/extensionHostProcess.js:263:54)
	at Socket.emit (events.js:223:5)
	at addChunk (_stream_readable.js:309:12)
	at readableAddChunk (_stream_readable.js:290:11)
	at Socket.Readable.push (_stream_readable.js:224:10)
	at Pipe.onStreamRead (internal/stream_base_commons.js:181:23)
