[2020-11-11 21:32:55.943] [exthost] [info] extension host started
[2020-11-11 21:32:56.054] [exthost] [info] ExtensionService#_doActivateExtension vscode.typescript-language-features {"startup":false,"extensionId":{"value":"vscode.typescript-language-features","_lower":"vscode.typescript-language-features"},"activationEvent":"onLanguage:javascript"}
[2020-11-11 21:32:56.054] [exthost] [info] ExtensionService#loadCommonJSModule file:///usr/lib/code/extensions/typescript-language-features/dist/extension
[2020-11-11 21:32:56.263] [exthost] [info] ExtensionService#_doActivateExtension ms-vscode.js-debug {"startup":false,"extensionId":{"value":"ms-vscode.js-debug","_lower":"ms-vscode.js-debug"},"activationEvent":"onDebugDynamicConfigurations"}
[2020-11-11 21:32:56.263] [exthost] [info] ExtensionService#loadCommonJSModule file:///usr/lib/code/extensions/ms-vscode.js-debug/src/extension.js
[2020-11-11 21:32:56.826] [exthost] [info] ExtensionService#_doActivateExtension vscode.debug-auto-launch {"startup":true,"extensionId":{"value":"vscode.debug-auto-launch","_lower":"vscode.debug-auto-launch"},"activationEvent":"*"}
[2020-11-11 21:32:56.826] [exthost] [info] ExtensionService#loadCommonJSModule file:///usr/lib/code/extensions/debug-auto-launch/dist/extension
[2020-11-11 21:32:56.902] [exthost] [info] ExtensionService#_doActivateExtension vscode.emmet {"startup":true,"extensionId":{"value":"vscode.emmet","_lower":"vscode.emmet"},"activationEvent":"*"}
[2020-11-11 21:32:56.903] [exthost] [info] ExtensionService#loadCommonJSModule file:///usr/lib/code/extensions/emmet/dist/node/emmetNodeMain
[2020-11-11 21:32:56.972] [exthost] [info] ExtensionService#_doActivateExtension vscode.git {"startup":true,"extensionId":{"value":"vscode.github","_lower":"vscode.github"},"activationEvent":"*"}
[2020-11-11 21:32:56.972] [exthost] [info] ExtensionService#loadCommonJSModule file:///usr/lib/code/extensions/git/dist/main
[2020-11-11 21:32:57.135] [exthost] [info] ExtensionService#_doActivateExtension vscode.merge-conflict {"startup":true,"extensionId":{"value":"vscode.merge-conflict","_lower":"vscode.merge-conflict"},"activationEvent":"*"}
[2020-11-11 21:32:57.135] [exthost] [info] ExtensionService#loadCommonJSModule file:///usr/lib/code/extensions/merge-conflict/dist/mergeConflictMain
[2020-11-11 21:32:57.184] [exthost] [info] ExtensionService#_doActivateExtension vscode.search-result {"startup":true,"extensionId":{"value":"vscode.search-result","_lower":"vscode.search-result"},"activationEvent":"*"}
[2020-11-11 21:32:57.185] [exthost] [info] ExtensionService#loadCommonJSModule file:///usr/lib/code/extensions/search-result/dist/extension.js
[2020-11-11 21:32:57.234] [exthost] [info] ExtensionService#_doActivateExtension CoenraadS.bracket-pair-colorizer-2 {"startup":true,"extensionId":{"value":"CoenraadS.bracket-pair-colorizer-2","_lower":"coenraads.bracket-pair-colorizer-2"},"activationEvent":"*"}
[2020-11-11 21:32:57.234] [exthost] [info] ExtensionService#loadCommonJSModule file:///home/thebluechalk/.vscode-oss/extensions/coenraads.bracket-pair-colorizer-2-0.2.0/out/src/extension
[2020-11-11 21:32:57.494] [exthost] [info] ExtensionService#_doActivateExtension eamodio.gitlens {"startup":true,"extensionId":{"value":"eamodio.gitlens","_lower":"eamodio.gitlens"},"activationEvent":"*"}
[2020-11-11 21:32:57.494] [exthost] [info] ExtensionService#loadCommonJSModule file:///home/thebluechalk/.vscode-oss/extensions/eamodio.gitlens-10.2.1/dist/extension
[2020-11-11 21:32:57.648] [exthost] [info] ExtensionService#_doActivateExtension icrawl.discord-vscode {"startup":true,"extensionId":{"value":"icrawl.discord-vscode","_lower":"icrawl.discord-vscode"},"activationEvent":"*"}
[2020-11-11 21:32:57.648] [exthost] [info] ExtensionService#loadCommonJSModule file:///home/thebluechalk/.vscode-oss/extensions/icrawl.discord-vscode-4.0.0/dist/extension
[2020-11-11 21:32:57.698] [exthost] [info] ExtensionService#_doActivateExtension kiteco.kite {"startup":true,"extensionId":{"value":"kiteco.kite","_lower":"kiteco.kite"},"activationEvent":"*"}
[2020-11-11 21:32:57.698] [exthost] [info] ExtensionService#loadCommonJSModule file:///home/thebluechalk/.vscode-oss/extensions/kiteco.kite-0.134.0/dist/kite-extension
[2020-11-11 21:32:57.796] [exthost] [info] ExtensionService#_doActivateExtension vscode.npm {"startup":true,"extensionId":{"value":"vscode.npm","_lower":"vscode.npm"},"activationEvent":"workspaceContains:package.json"}
[2020-11-11 21:32:57.796] [exthost] [info] ExtensionService#loadCommonJSModule file:///usr/lib/code/extensions/npm/dist/npmMain
[2020-11-11 21:33:00.784] [exthost] [info] ExtensionService#_doActivateExtension vscode.github {"startup":true,"extensionId":{"value":"vscode.github","_lower":"vscode.github"},"activationEvent":"*"}
[2020-11-11 21:33:00.784] [exthost] [info] ExtensionService#loadCommonJSModule file:///usr/lib/code/extensions/github/dist/extension.js
[2020-11-11 21:33:01.068] [exthost] [info] eager extensions activated
[2020-11-11 21:33:01.150] [exthost] [info] ExtensionService#_doActivateExtension esbenp.prettier-vscode {"startup":false,"extensionId":{"value":"esbenp.prettier-vscode","_lower":"esbenp.prettier-vscode"},"activationEvent":"onStartupFinished"}
[2020-11-11 21:33:01.150] [exthost] [info] ExtensionService#loadCommonJSModule file:///home/thebluechalk/.vscode-oss/extensions/esbenp.prettier-vscode-5.7.1/dist/extension
[2020-11-11 21:33:12.541] [exthost] [info] ExtensionService#_doActivateExtension vscode.extension-editing {"startup":false,"extensionId":{"value":"vscode.extension-editing","_lower":"vscode.extension-editing"},"activationEvent":"onLanguage:typescript"}
[2020-11-11 21:33:12.542] [exthost] [info] ExtensionService#loadCommonJSModule file:///usr/lib/code/extensions/extension-editing/dist/extensionEditingMain
