User belongs to experiment group 'ShowPlayIcon - start'
User belongs to experiment group 'ShowExtensionSurveyPrompt - control'
User belongs to experiment group 'DebugAdapterFactory - experiment'
User belongs to experiment group 'PtvsdWheels37 - experiment'
User belongs to experiment group 'UseTerminalToGetActivatedEnvVars - control'
User belongs to experiment group 'LocalZMQKernel - experiment'
User belongs to experiment group 'CollectLSRequestTiming - control'
User belongs to experiment group 'CollectNodeLSRequestTiming - experiment'
User belongs to experiment group 'EnableIPyWidgets - experiment'
User belongs to experiment group 'RunByLine - experiment'
User belongs to experiment group 'CustomEditorSupport - control'
User belongs to experiment group 'pythonaacf'
> conda --version
> pyenv root
> python3.7 ~/.vscode-oss/extensions/ms-python.python-2020.9.112786/pythonFiles/pyvsc-run-isolated.py -c "import sys;print(sys.executable)"
> python3.6 ~/.vscode-oss/extensions/ms-python.python-2020.9.112786/pythonFiles/pyvsc-run-isolated.py -c "import sys;print(sys.executable)"
> python3 ~/.vscode-oss/extensions/ms-python.python-2020.9.112786/pythonFiles/pyvsc-run-isolated.py -c "import sys;print(sys.executable)"
> python2 ~/.vscode-oss/extensions/ms-python.python-2020.9.112786/pythonFiles/pyvsc-run-isolated.py -c "import sys;print(sys.executable)"
> python ~/.vscode-oss/extensions/ms-python.python-2020.9.112786/pythonFiles/pyvsc-run-isolated.py -c "import sys;print(sys.executable)"
> python ~/.vscode-oss/extensions/ms-python.python-2020.9.112786/pythonFiles/pyvsc-run-isolated.py -c "import sys;print(sys.executable)"
> conda info --json
> python ~/.vscode-oss/extensions/ms-python.python-2020.9.112786/pythonFiles/pyvsc-run-isolated.py -c "import sys;print(sys.executable)"
> python ~/.vscode-oss/extensions/ms-python.python-2020.9.112786/pythonFiles/pyvsc-run-isolated.py -c "import sys;print(sys.executable)"
Error 2020-11-11 17:09:21: Failed to check if file needs to be fixed [EntryNotFound (FileSystemError): Unable to read file '/home/thebluechalk/.config/Code/User/settings.json' (EntryNotFound (FileSystemError): Error: ENOENT: no such file or directory, open '/home/thebluechalk/.config/Code/User/settings.json')
	at _handleError (/usr/lib/code/out/vs/workbench/services/extensions/node/extensionHostProcess.js:725:473)
	at processTicksAndRejections (internal/process/task_queues.js:94:5)
	at async y.readText (/home/thebluechalk/.vscode-oss/extensions/ms-python.python-2020.9.112786/out/client/extension.js:1:498547)
	at async p.doesFileNeedToBeFixed (/home/thebluechalk/.vscode-oss/extensions/ms-python.python-2020.9.112786/out/client/extension.js:56:961593)
	at async /home/thebluechalk/.vscode-oss/extensions/ms-python.python-2020.9.112786/out/client/extension.js:56:960720
	at async Promise.all (index 0)
	at async p.getFilesToBeFixed (/home/thebluechalk/.vscode-oss/extensions/ms-python.python-2020.9.112786/out/client/extension.js:56:960666)
	at async p.updateTestSettings (/home/thebluechalk/.vscode-oss/extensions/ms-python.python-2020.9.112786/out/client/extension.js:56:960293)] {
  code: 'FileNotFound',
  name: 'EntryNotFound (FileSystemError)'
}
Error 2020-11-11 17:09:21: Failed to check if file needs to be fixed [EntryNotFound (FileSystemError): Unable to read file '/home/thebluechalk/projects/tutorial/.vscode/settings.json' (EntryNotFound (FileSystemError): Error: ENOENT: no such file or directory, open '/home/thebluechalk/projects/tutorial/.vscode/settings.json')
	at _handleError (/usr/lib/code/out/vs/workbench/services/extensions/node/extensionHostProcess.js:725:473)
	at processTicksAndRejections (internal/process/task_queues.js:94:5)
	at async y.readText (/home/thebluechalk/.vscode-oss/extensions/ms-python.python-2020.9.112786/out/client/extension.js:1:498547)
	at async p.doesFileNeedToBeFixed (/home/thebluechalk/.vscode-oss/extensions/ms-python.python-2020.9.112786/out/client/extension.js:56:961593)
	at async /home/thebluechalk/.vscode-oss/extensions/ms-python.python-2020.9.112786/out/client/extension.js:56:960720
	at async Promise.all (index 1)
	at async p.getFilesToBeFixed (/home/thebluechalk/.vscode-oss/extensions/ms-python.python-2020.9.112786/out/client/extension.js:56:960666)
	at async p.updateTestSettings (/home/thebluechalk/.vscode-oss/extensions/ms-python.python-2020.9.112786/out/client/extension.js:56:960293)] {
  code: 'FileNotFound',
  name: 'EntryNotFound (FileSystemError)'
}
> pyenv root
Python interpreter path: /usr/bin/python
Starting Jedi Python language engine.
Error 2020-11-11 17:09:21: Python Extension: interpreterManager.refresh [Error: [ms-python.python]: Proposed API is only available when running out of dev or with the following command line switch: --enable-proposed-api ms-python.python
	at a (/usr/lib/code/out/vs/workbench/services/extensions/node/extensionHostProcess.js:655:99)
	at Object.t.checkProposedApiEnabled (/usr/lib/code/out/vs/workbench/services/extensions/node/extensionHostProcess.js:655:567)
	at Object.get activeNotebookEditor [as activeNotebookEditor] (/usr/lib/code/out/vs/workbench/services/extensions/node/extensionHostProcess.js:1003:116)
	at u.get activeNotebookEditor [as activeNotebookEditor] (/home/thebluechalk/.vscode-oss/extensions/ms-python.python-2020.9.112786/out/client/extension.js:54:383170)
	at u.get hidden [as hidden] (/home/thebluechalk/.vscode-oss/extensions/ms-python.python-2020.9.112786/out/client/extension.js:56:642106)
	at /home/thebluechalk/.vscode-oss/extensions/ms-python.python-2020.9.112786/out/client/extension.js:56:844423
	at Array.every (<anonymous>)
	at g.updateVisibility (/home/thebluechalk/.vscode-oss/extensions/ms-python.python-2020.9.112786/out/client/extension.js:56:844411)
	at g.updateDisplay (/home/thebluechalk/.vscode-oss/extensions/ms-python.python-2020.9.112786/out/client/extension.js:56:844284)
	at async g.refresh (/home/thebluechalk/.vscode-oss/extensions/ms-python.python-2020.9.112786/out/client/extension.js:56:843237)]
> pyenv root
> pyenv root
> pyenv root
> pyenv root
> pyenv root
> /usr/bin/python ~/.vscode-oss/extensions/ms-python.python-2020.9.112786/pythonFiles/pyvsc-run-isolated.py -c "import jupyter"
> /usr/bin/python ~/.vscode-oss/extensions/ms-python.python-2020.9.112786/pythonFiles/pyvsc-run-isolated.py -c "import jupyter"
> /usr/bin/python ~/.vscode-oss/extensions/ms-python.python-2020.9.112786/pythonFiles/pyvsc-run-isolated.py -c "import notebook"
> /usr/bin/python ~/.vscode-oss/extensions/ms-python.python-2020.9.112786/pythonFiles/pyvsc-run-isolated.py -c "import notebook"
> conda --version
> /usr/bin/python ~/.vscode-oss/extensions/ms-python.python-2020.9.112786/pythonFiles/pyvsc-run-isolated.py -c "import sys;print(sys.executable)"
> /usr/bin/python ~/.vscode-oss/extensions/ms-python.python-2020.9.112786/pythonFiles/pyvsc-run-isolated.py -c "import sys;print(sys.prefix)"
cwd: ~/projects/tutorial
> /usr/bin/python ~/.vscode-oss/extensions/ms-python.python-2020.9.112786/pythonFiles/pyvsc-run-isolated.py -c "import sys;print(sys.prefix)"
cwd: ~/projects/tutorial
> /usr/bin/python ~/.vscode-oss/extensions/ms-python.python-2020.9.112786/pythonFiles/pyvsc-run-isolated.py -c "import sys;print(sys.executable)"
cwd: ~/projects/tutorial
> /usr/bin/python ~/.vscode-oss/extensions/ms-python.python-2020.9.112786/pythonFiles/pyvsc-run-isolated.py -c "import sys;print(sys.executable)"
cwd: ~/projects/tutorial
> /usr/bin/python ~/.vscode-oss/extensions/ms-python.python-2020.9.112786/pythonFiles/pyvsc-run-isolated.py -c "from distutils.sysconfig import get_python_lib; print(get_python_lib())"
cwd: ~/projects/tutorial
> /usr/bin/python ~/.vscode-oss/extensions/ms-python.python-2020.9.112786/pythonFiles/pyvsc-run-isolated.py -c "from distutils.sysconfig import get_python_lib; print(get_python_lib())"
cwd: ~/projects/tutorial
> /usr/bin/python ~/.vscode-oss/extensions/ms-python.python-2020.9.112786/pythonFiles/pyvsc-run-isolated.py site --user-site
cwd: ~/projects/tutorial
> /usr/bin/python ~/.vscode-oss/extensions/ms-python.python-2020.9.112786/pythonFiles/pyvsc-run-isolated.py site --user-site
cwd: ~/projects/tutorial
> /usr/bin/python ~/.vscode-oss/extensions/ms-python.python-2020.9.112786/pythonFiles/pyvsc-run-isolated.py pylint --disable=all --enable=F,unreachable,duplicate-key,unnecessary-semicolon,global-variable-not-assigned,unused-variable,unused-wildcard-import,binary-op-exception,bad-format-string,anomalous-backslash-in-string,bad-open-mode,E0001,E0011,E0012,E0100,E0101,E0102,E0103,E0104,E0105,E0107,E0108,E0110,E0111,E0112,E0113,E0114,E0115,E0116,E0117,E0118,E0202,E0203,E0211,E0213,E0236,E0237,E0238,E0239,E0240,E0241,E0301,E0302,E0303,E0401,E0402,E0601,E0602,E0603,E0604,E0611,E0632,E0633,E0701,E0702,E0703,E0704,E0710,E0711,E0712,E1003,E1101,E1102,E1111,E1120,E1121,E1123,E1124,E1125,E1126,E1127,E1128,E1129,E1130,E1131,E1132,E1133,E1134,E1135,E1136,E1137,E1138,E1139,E1200,E1201,E1205,E1206,E1300,E1301,E1302,E1303,E1304,E1305,E1306,E1310,E1700,E1701 --msg-template='{line},{column},{category},{symbol}:{msg}' --reports=n --output-format=text ~/projects/tutorial/manage.py
cwd: ~/projects/tutorial
> /usr/bin/python ~/.vscode-oss/extensions/ms-python.python-2020.9.112786/pythonFiles/pyvsc-run-isolated.py pylint --disable=all --enable=F,unreachable,duplicate-key,unnecessary-semicolon,global-variable-not-assigned,unused-variable,unused-wildcard-import,binary-op-exception,bad-format-string,anomalous-backslash-in-string,bad-open-mode,E0001,E0011,E0012,E0100,E0101,E0102,E0103,E0104,E0105,E0107,E0108,E0110,E0111,E0112,E0113,E0114,E0115,E0116,E0117,E0118,E0202,E0203,E0211,E0213,E0236,E0237,E0238,E0239,E0240,E0241,E0301,E0302,E0303,E0401,E0402,E0601,E0602,E0603,E0604,E0611,E0632,E0633,E0701,E0702,E0703,E0704,E0710,E0711,E0712,E1003,E1101,E1102,E1111,E1120,E1121,E1123,E1124,E1125,E1126,E1127,E1128,E1129,E1130,E1131,E1132,E1133,E1134,E1135,E1136,E1137,E1138,E1139,E1200,E1201,E1205,E1206,E1300,E1301,E1302,E1303,E1304,E1305,E1306,E1310,E1700,E1701 --msg-template='{line},{column},{category},{symbol}:{msg}' --reports=n --output-format=text ~/projects/tutorial/manage.py
cwd: ~/projects/tutorial
> /usr/bin/python ~/.vscode-oss/extensions/ms-python.python-2020.9.112786/pythonFiles/pyvsc-run-isolated.py -c "import pylint"
> /usr/bin/python ~/.vscode-oss/extensions/ms-python.python-2020.9.112786/pythonFiles/pyvsc-run-isolated.py -c "import pylint"
> /usr/bin/python ~/.vscode-oss/extensions/ms-python.python-2020.9.112786/pythonFiles/pyvsc-run-isolated.py -c "import pylint"
> /usr/bin/python ~/.vscode-oss/extensions/ms-python.python-2020.9.112786/pythonFiles/pyvsc-run-isolated.py -c "import pylint"

Linter 'pylint' is not installed. Please install it or select another linter".
Error: Module 'pylint' not installed.
> /usr/bin/python ~/.vscode-oss/extensions/ms-python.python-2020.9.112786/pythonFiles/pyvsc-run-isolated.py ~/.vscode-oss/extensions/ms-python.python-2020.9.112786/pythonFiles/completion.py
> /usr/bin/python ~/.vscode-oss/extensions/ms-python.python-2020.9.112786/pythonFiles/pyvsc-run-isolated.py ~/.vscode-oss/extensions/ms-python.python-2020.9.112786/pythonFiles/completion.py
Error 2020-11-11 17:09:28: stderr jediProxy Error (stderr) /home/thebluechalk/.vscode-oss/extensions/ms-python.python-2020.9.112786/pythonFiles/completion.py:584: DeprecationWarning: Deprecated since version 0.16.0. Use Script(...).get_names instead.
  jedi.api.names(

Error 2020-11-11 17:09:34: stderr jediProxy Error (stderr) /home/thebluechalk/.vscode-oss/extensions/ms-python.python-2020.9.112786/pythonFiles/completion.py:592: DeprecationWarning: Providing the line is now done in the functions themselves like `Script(...).complete(line, column)`
  script = jedi.Script(

Error 2020-11-11 17:09:34: stderr jediProxy Error (stderr) /home/thebluechalk/.vscode-oss/extensions/ms-python.python-2020.9.112786/pythonFiles/completion.py:592: DeprecationWarning: Providing the column is now done in the functions themselves like `Script(...).complete(line, column)`
  script = jedi.Script(
/home/thebluechalk/.vscode-oss/extensions/ms-python.python-2020.9.112786/pythonFiles/completion.py:592: DeprecationWarning: Deprecated since version 0.17.0. Use the project API instead, which means Script(project=Project(dir, sys_path=sys_path)) instead.
  script = jedi.Script(
/home/thebluechalk/.vscode-oss/extensions/ms-python.python-2020.9.112786/pythonFiles/completion.py:626: DeprecationWarning: Deprecated since version 0.16.0. Use Script(...).infer instead.
  script.goto_definitions(), request["id"]

> /usr/bin/python ~/.vscode-oss/extensions/ms-python.python-2020.9.112786/pythonFiles/pyvsc-run-isolated.py pylint --disable=all --enable=F,unreachable,duplicate-key,unnecessary-semicolon,global-variable-not-assigned,unused-variable,unused-wildcard-import,binary-op-exception,bad-format-string,anomalous-backslash-in-string,bad-open-mode,E0001,E0011,E0012,E0100,E0101,E0102,E0103,E0104,E0105,E0107,E0108,E0110,E0111,E0112,E0113,E0114,E0115,E0116,E0117,E0118,E0202,E0203,E0211,E0213,E0236,E0237,E0238,E0239,E0240,E0241,E0301,E0302,E0303,E0401,E0402,E0601,E0602,E0603,E0604,E0611,E0632,E0633,E0701,E0702,E0703,E0704,E0710,E0711,E0712,E1003,E1101,E1102,E1111,E1120,E1121,E1123,E1124,E1125,E1126,E1127,E1128,E1129,E1130,E1131,E1132,E1133,E1134,E1135,E1136,E1137,E1138,E1139,E1200,E1201,E1205,E1206,E1300,E1301,E1302,E1303,E1304,E1305,E1306,E1310,E1700,E1701 --msg-template='{line},{column},{category},{symbol}:{msg}' --reports=n --output-format=text ~/projects/tutorial/tutorial/wsgi.py
cwd: ~/projects/tutorial
> /usr/bin/python ~/.vscode-oss/extensions/ms-python.python-2020.9.112786/pythonFiles/pyvsc-run-isolated.py pylint --disable=all --enable=F,unreachable,duplicate-key,unnecessary-semicolon,global-variable-not-assigned,unused-variable,unused-wildcard-import,binary-op-exception,bad-format-string,anomalous-backslash-in-string,bad-open-mode,E0001,E0011,E0012,E0100,E0101,E0102,E0103,E0104,E0105,E0107,E0108,E0110,E0111,E0112,E0113,E0114,E0115,E0116,E0117,E0118,E0202,E0203,E0211,E0213,E0236,E0237,E0238,E0239,E0240,E0241,E0301,E0302,E0303,E0401,E0402,E0601,E0602,E0603,E0604,E0611,E0632,E0633,E0701,E0702,E0703,E0704,E0710,E0711,E0712,E1003,E1101,E1102,E1111,E1120,E1121,E1123,E1124,E1125,E1126,E1127,E1128,E1129,E1130,E1131,E1132,E1133,E1134,E1135,E1136,E1137,E1138,E1139,E1200,E1201,E1205,E1206,E1300,E1301,E1302,E1303,E1304,E1305,E1306,E1310,E1700,E1701 --msg-template='{line},{column},{category},{symbol}:{msg}' --reports=n --output-format=text ~/projects/tutorial/tutorial/wsgi.py
cwd: ~/projects/tutorial
> /usr/bin/python ~/.vscode-oss/extensions/ms-python.python-2020.9.112786/pythonFiles/pyvsc-run-isolated.py -c "import pylint"
> /usr/bin/python ~/.vscode-oss/extensions/ms-python.python-2020.9.112786/pythonFiles/pyvsc-run-isolated.py -c "import pylint"
> /usr/bin/python ~/.vscode-oss/extensions/ms-python.python-2020.9.112786/pythonFiles/pyvsc-run-isolated.py -c "import pylint"
> /usr/bin/python ~/.vscode-oss/extensions/ms-python.python-2020.9.112786/pythonFiles/pyvsc-run-isolated.py -c "import pylint"

Linter 'pylint' is not installed. Please install it or select another linter".
Error: Module 'pylint' not installed.
> /usr/bin/python ~/.vscode-oss/extensions/ms-python.python-2020.9.112786/pythonFiles/pyvsc-run-isolated.py pylint --disable=all --enable=F,unreachable,duplicate-key,unnecessary-semicolon,global-variable-not-assigned,unused-variable,unused-wildcard-import,binary-op-exception,bad-format-string,anomalous-backslash-in-string,bad-open-mode,E0001,E0011,E0012,E0100,E0101,E0102,E0103,E0104,E0105,E0107,E0108,E0110,E0111,E0112,E0113,E0114,E0115,E0116,E0117,E0118,E0202,E0203,E0211,E0213,E0236,E0237,E0238,E0239,E0240,E0241,E0301,E0302,E0303,E0401,E0402,E0601,E0602,E0603,E0604,E0611,E0632,E0633,E0701,E0702,E0703,E0704,E0710,E0711,E0712,E1003,E1101,E1102,E1111,E1120,E1121,E1123,E1124,E1125,E1126,E1127,E1128,E1129,E1130,E1131,E1132,E1133,E1134,E1135,E1136,E1137,E1138,E1139,E1200,E1201,E1205,E1206,E1300,E1301,E1302,E1303,E1304,E1305,E1306,E1310,E1700,E1701 --msg-template='{line},{column},{category},{symbol}:{msg}' --reports=n --output-format=text ~/projects/tutorial/polls/migrations/__init__.py
cwd: ~/projects/tutorial
> /usr/bin/python ~/.vscode-oss/extensions/ms-python.python-2020.9.112786/pythonFiles/pyvsc-run-isolated.py pylint --disable=all --enable=F,unreachable,duplicate-key,unnecessary-semicolon,global-variable-not-assigned,unused-variable,unused-wildcard-import,binary-op-exception,bad-format-string,anomalous-backslash-in-string,bad-open-mode,E0001,E0011,E0012,E0100,E0101,E0102,E0103,E0104,E0105,E0107,E0108,E0110,E0111,E0112,E0113,E0114,E0115,E0116,E0117,E0118,E0202,E0203,E0211,E0213,E0236,E0237,E0238,E0239,E0240,E0241,E0301,E0302,E0303,E0401,E0402,E0601,E0602,E0603,E0604,E0611,E0632,E0633,E0701,E0702,E0703,E0704,E0710,E0711,E0712,E1003,E1101,E1102,E1111,E1120,E1121,E1123,E1124,E1125,E1126,E1127,E1128,E1129,E1130,E1131,E1132,E1133,E1134,E1135,E1136,E1137,E1138,E1139,E1200,E1201,E1205,E1206,E1300,E1301,E1302,E1303,E1304,E1305,E1306,E1310,E1700,E1701 --msg-template='{line},{column},{category},{symbol}:{msg}' --reports=n --output-format=text ~/projects/tutorial/polls/migrations/__init__.py
cwd: ~/projects/tutorial
> /usr/bin/python ~/.vscode-oss/extensions/ms-python.python-2020.9.112786/pythonFiles/pyvsc-run-isolated.py -c "import pylint"
> /usr/bin/python ~/.vscode-oss/extensions/ms-python.python-2020.9.112786/pythonFiles/pyvsc-run-isolated.py -c "import pylint"
> /usr/bin/python ~/.vscode-oss/extensions/ms-python.python-2020.9.112786/pythonFiles/pyvsc-run-isolated.py -c "import pylint"
> /usr/bin/python ~/.vscode-oss/extensions/ms-python.python-2020.9.112786/pythonFiles/pyvsc-run-isolated.py -c "import pylint"

Linter 'pylint' is not installed. Please install it or select another linter".
Error: Module 'pylint' not installed.
> /usr/bin/python ~/.vscode-oss/extensions/ms-python.python-2020.9.112786/pythonFiles/pyvsc-run-isolated.py pylint --disable=all --enable=F,unreachable,duplicate-key,unnecessary-semicolon,global-variable-not-assigned,unused-variable,unused-wildcard-import,binary-op-exception,bad-format-string,anomalous-backslash-in-string,bad-open-mode,E0001,E0011,E0012,E0100,E0101,E0102,E0103,E0104,E0105,E0107,E0108,E0110,E0111,E0112,E0113,E0114,E0115,E0116,E0117,E0118,E0202,E0203,E0211,E0213,E0236,E0237,E0238,E0239,E0240,E0241,E0301,E0302,E0303,E0401,E0402,E0601,E0602,E0603,E0604,E0611,E0632,E0633,E0701,E0702,E0703,E0704,E0710,E0711,E0712,E1003,E1101,E1102,E1111,E1120,E1121,E1123,E1124,E1125,E1126,E1127,E1128,E1129,E1130,E1131,E1132,E1133,E1134,E1135,E1136,E1137,E1138,E1139,E1200,E1201,E1205,E1206,E1300,E1301,E1302,E1303,E1304,E1305,E1306,E1310,E1700,E1701 --msg-template='{line},{column},{category},{symbol}:{msg}' --reports=n --output-format=text ~/projects/tutorial/polls/__init__.py
cwd: ~/projects/tutorial
> /usr/bin/python ~/.vscode-oss/extensions/ms-python.python-2020.9.112786/pythonFiles/pyvsc-run-isolated.py pylint --disable=all --enable=F,unreachable,duplicate-key,unnecessary-semicolon,global-variable-not-assigned,unused-variable,unused-wildcard-import,binary-op-exception,bad-format-string,anomalous-backslash-in-string,bad-open-mode,E0001,E0011,E0012,E0100,E0101,E0102,E0103,E0104,E0105,E0107,E0108,E0110,E0111,E0112,E0113,E0114,E0115,E0116,E0117,E0118,E0202,E0203,E0211,E0213,E0236,E0237,E0238,E0239,E0240,E0241,E0301,E0302,E0303,E0401,E0402,E0601,E0602,E0603,E0604,E0611,E0632,E0633,E0701,E0702,E0703,E0704,E0710,E0711,E0712,E1003,E1101,E1102,E1111,E1120,E1121,E1123,E1124,E1125,E1126,E1127,E1128,E1129,E1130,E1131,E1132,E1133,E1134,E1135,E1136,E1137,E1138,E1139,E1200,E1201,E1205,E1206,E1300,E1301,E1302,E1303,E1304,E1305,E1306,E1310,E1700,E1701 --msg-template='{line},{column},{category},{symbol}:{msg}' --reports=n --output-format=text ~/projects/tutorial/polls/__init__.py
cwd: ~/projects/tutorial
> /usr/bin/python ~/.vscode-oss/extensions/ms-python.python-2020.9.112786/pythonFiles/pyvsc-run-isolated.py -c "import pylint"
> /usr/bin/python ~/.vscode-oss/extensions/ms-python.python-2020.9.112786/pythonFiles/pyvsc-run-isolated.py -c "import pylint"
> /usr/bin/python ~/.vscode-oss/extensions/ms-python.python-2020.9.112786/pythonFiles/pyvsc-run-isolated.py -c "import pylint"
> /usr/bin/python ~/.vscode-oss/extensions/ms-python.python-2020.9.112786/pythonFiles/pyvsc-run-isolated.py -c "import pylint"

Linter 'pylint' is not installed. Please install it or select another linter".
Error: Module 'pylint' not installed.
> /usr/bin/python ~/.vscode-oss/extensions/ms-python.python-2020.9.112786/pythonFiles/pyvsc-run-isolated.py pylint --disable=all --enable=F,unreachable,duplicate-key,unnecessary-semicolon,global-variable-not-assigned,unused-variable,unused-wildcard-import,binary-op-exception,bad-format-string,anomalous-backslash-in-string,bad-open-mode,E0001,E0011,E0012,E0100,E0101,E0102,E0103,E0104,E0105,E0107,E0108,E0110,E0111,E0112,E0113,E0114,E0115,E0116,E0117,E0118,E0202,E0203,E0211,E0213,E0236,E0237,E0238,E0239,E0240,E0241,E0301,E0302,E0303,E0401,E0402,E0601,E0602,E0603,E0604,E0611,E0632,E0633,E0701,E0702,E0703,E0704,E0710,E0711,E0712,E1003,E1101,E1102,E1111,E1120,E1121,E1123,E1124,E1125,E1126,E1127,E1128,E1129,E1130,E1131,E1132,E1133,E1134,E1135,E1136,E1137,E1138,E1139,E1200,E1201,E1205,E1206,E1300,E1301,E1302,E1303,E1304,E1305,E1306,E1310,E1700,E1701 --msg-template='{line},{column},{category},{symbol}:{msg}' --reports=n --output-format=text ~/projects/tutorial/polls/admin.py
cwd: ~/projects/tutorial
> /usr/bin/python ~/.vscode-oss/extensions/ms-python.python-2020.9.112786/pythonFiles/pyvsc-run-isolated.py pylint --disable=all --enable=F,unreachable,duplicate-key,unnecessary-semicolon,global-variable-not-assigned,unused-variable,unused-wildcard-import,binary-op-exception,bad-format-string,anomalous-backslash-in-string,bad-open-mode,E0001,E0011,E0012,E0100,E0101,E0102,E0103,E0104,E0105,E0107,E0108,E0110,E0111,E0112,E0113,E0114,E0115,E0116,E0117,E0118,E0202,E0203,E0211,E0213,E0236,E0237,E0238,E0239,E0240,E0241,E0301,E0302,E0303,E0401,E0402,E0601,E0602,E0603,E0604,E0611,E0632,E0633,E0701,E0702,E0703,E0704,E0710,E0711,E0712,E1003,E1101,E1102,E1111,E1120,E1121,E1123,E1124,E1125,E1126,E1127,E1128,E1129,E1130,E1131,E1132,E1133,E1134,E1135,E1136,E1137,E1138,E1139,E1200,E1201,E1205,E1206,E1300,E1301,E1302,E1303,E1304,E1305,E1306,E1310,E1700,E1701 --msg-template='{line},{column},{category},{symbol}:{msg}' --reports=n --output-format=text ~/projects/tutorial/polls/admin.py
cwd: ~/projects/tutorial
> /usr/bin/python ~/.vscode-oss/extensions/ms-python.python-2020.9.112786/pythonFiles/pyvsc-run-isolated.py -c "import pylint"
> /usr/bin/python ~/.vscode-oss/extensions/ms-python.python-2020.9.112786/pythonFiles/pyvsc-run-isolated.py -c "import pylint"
> /usr/bin/python ~/.vscode-oss/extensions/ms-python.python-2020.9.112786/pythonFiles/pyvsc-run-isolated.py -c "import pylint"
> /usr/bin/python ~/.vscode-oss/extensions/ms-python.python-2020.9.112786/pythonFiles/pyvsc-run-isolated.py -c "import pylint"

Linter 'pylint' is not installed. Please install it or select another linter".
Error: Module 'pylint' not installed.
> /usr/bin/python ~/.vscode-oss/extensions/ms-python.python-2020.9.112786/pythonFiles/pyvsc-run-isolated.py pylint --disable=all --enable=F,unreachable,duplicate-key,unnecessary-semicolon,global-variable-not-assigned,unused-variable,unused-wildcard-import,binary-op-exception,bad-format-string,anomalous-backslash-in-string,bad-open-mode,E0001,E0011,E0012,E0100,E0101,E0102,E0103,E0104,E0105,E0107,E0108,E0110,E0111,E0112,E0113,E0114,E0115,E0116,E0117,E0118,E0202,E0203,E0211,E0213,E0236,E0237,E0238,E0239,E0240,E0241,E0301,E0302,E0303,E0401,E0402,E0601,E0602,E0603,E0604,E0611,E0632,E0633,E0701,E0702,E0703,E0704,E0710,E0711,E0712,E1003,E1101,E1102,E1111,E1120,E1121,E1123,E1124,E1125,E1126,E1127,E1128,E1129,E1130,E1131,E1132,E1133,E1134,E1135,E1136,E1137,E1138,E1139,E1200,E1201,E1205,E1206,E1300,E1301,E1302,E1303,E1304,E1305,E1306,E1310,E1700,E1701 --msg-template='{line},{column},{category},{symbol}:{msg}' --reports=n --output-format=text ~/projects/tutorial/polls/apps.py
cwd: ~/projects/tutorial
> /usr/bin/python ~/.vscode-oss/extensions/ms-python.python-2020.9.112786/pythonFiles/pyvsc-run-isolated.py pylint --disable=all --enable=F,unreachable,duplicate-key,unnecessary-semicolon,global-variable-not-assigned,unused-variable,unused-wildcard-import,binary-op-exception,bad-format-string,anomalous-backslash-in-string,bad-open-mode,E0001,E0011,E0012,E0100,E0101,E0102,E0103,E0104,E0105,E0107,E0108,E0110,E0111,E0112,E0113,E0114,E0115,E0116,E0117,E0118,E0202,E0203,E0211,E0213,E0236,E0237,E0238,E0239,E0240,E0241,E0301,E0302,E0303,E0401,E0402,E0601,E0602,E0603,E0604,E0611,E0632,E0633,E0701,E0702,E0703,E0704,E0710,E0711,E0712,E1003,E1101,E1102,E1111,E1120,E1121,E1123,E1124,E1125,E1126,E1127,E1128,E1129,E1130,E1131,E1132,E1133,E1134,E1135,E1136,E1137,E1138,E1139,E1200,E1201,E1205,E1206,E1300,E1301,E1302,E1303,E1304,E1305,E1306,E1310,E1700,E1701 --msg-template='{line},{column},{category},{symbol}:{msg}' --reports=n --output-format=text ~/projects/tutorial/polls/apps.py
cwd: ~/projects/tutorial
> /usr/bin/python ~/.vscode-oss/extensions/ms-python.python-2020.9.112786/pythonFiles/pyvsc-run-isolated.py -c "import pylint"
> /usr/bin/python ~/.vscode-oss/extensions/ms-python.python-2020.9.112786/pythonFiles/pyvsc-run-isolated.py -c "import pylint"
> /usr/bin/python ~/.vscode-oss/extensions/ms-python.python-2020.9.112786/pythonFiles/pyvsc-run-isolated.py -c "import pylint"
> /usr/bin/python ~/.vscode-oss/extensions/ms-python.python-2020.9.112786/pythonFiles/pyvsc-run-isolated.py -c "import pylint"

Linter 'pylint' is not installed. Please install it or select another linter".
Error: Module 'pylint' not installed.
> /usr/bin/python ~/.vscode-oss/extensions/ms-python.python-2020.9.112786/pythonFiles/pyvsc-run-isolated.py pylint --disable=all --enable=F,unreachable,duplicate-key,unnecessary-semicolon,global-variable-not-assigned,unused-variable,unused-wildcard-import,binary-op-exception,bad-format-string,anomalous-backslash-in-string,bad-open-mode,E0001,E0011,E0012,E0100,E0101,E0102,E0103,E0104,E0105,E0107,E0108,E0110,E0111,E0112,E0113,E0114,E0115,E0116,E0117,E0118,E0202,E0203,E0211,E0213,E0236,E0237,E0238,E0239,E0240,E0241,E0301,E0302,E0303,E0401,E0402,E0601,E0602,E0603,E0604,E0611,E0632,E0633,E0701,E0702,E0703,E0704,E0710,E0711,E0712,E1003,E1101,E1102,E1111,E1120,E1121,E1123,E1124,E1125,E1126,E1127,E1128,E1129,E1130,E1131,E1132,E1133,E1134,E1135,E1136,E1137,E1138,E1139,E1200,E1201,E1205,E1206,E1300,E1301,E1302,E1303,E1304,E1305,E1306,E1310,E1700,E1701 --msg-template='{line},{column},{category},{symbol}:{msg}' --reports=n --output-format=text ~/projects/tutorial/polls/models.py
cwd: ~/projects/tutorial
> /usr/bin/python ~/.vscode-oss/extensions/ms-python.python-2020.9.112786/pythonFiles/pyvsc-run-isolated.py pylint --disable=all --enable=F,unreachable,duplicate-key,unnecessary-semicolon,global-variable-not-assigned,unused-variable,unused-wildcard-import,binary-op-exception,bad-format-string,anomalous-backslash-in-string,bad-open-mode,E0001,E0011,E0012,E0100,E0101,E0102,E0103,E0104,E0105,E0107,E0108,E0110,E0111,E0112,E0113,E0114,E0115,E0116,E0117,E0118,E0202,E0203,E0211,E0213,E0236,E0237,E0238,E0239,E0240,E0241,E0301,E0302,E0303,E0401,E0402,E0601,E0602,E0603,E0604,E0611,E0632,E0633,E0701,E0702,E0703,E0704,E0710,E0711,E0712,E1003,E1101,E1102,E1111,E1120,E1121,E1123,E1124,E1125,E1126,E1127,E1128,E1129,E1130,E1131,E1132,E1133,E1134,E1135,E1136,E1137,E1138,E1139,E1200,E1201,E1205,E1206,E1300,E1301,E1302,E1303,E1304,E1305,E1306,E1310,E1700,E1701 --msg-template='{line},{column},{category},{symbol}:{msg}' --reports=n --output-format=text ~/projects/tutorial/polls/models.py
cwd: ~/projects/tutorial
> /usr/bin/python ~/.vscode-oss/extensions/ms-python.python-2020.9.112786/pythonFiles/pyvsc-run-isolated.py -c "import pylint"
> /usr/bin/python ~/.vscode-oss/extensions/ms-python.python-2020.9.112786/pythonFiles/pyvsc-run-isolated.py -c "import pylint"
> /usr/bin/python ~/.vscode-oss/extensions/ms-python.python-2020.9.112786/pythonFiles/pyvsc-run-isolated.py -c "import pylint"
> /usr/bin/python ~/.vscode-oss/extensions/ms-python.python-2020.9.112786/pythonFiles/pyvsc-run-isolated.py -c "import pylint"

Linter 'pylint' is not installed. Please install it or select another linter".
Error: Module 'pylint' not installed.
> /usr/bin/python ~/.vscode-oss/extensions/ms-python.python-2020.9.112786/pythonFiles/pyvsc-run-isolated.py pylint --disable=all --enable=F,unreachable,duplicate-key,unnecessary-semicolon,global-variable-not-assigned,unused-variable,unused-wildcard-import,binary-op-exception,bad-format-string,anomalous-backslash-in-string,bad-open-mode,E0001,E0011,E0012,E0100,E0101,E0102,E0103,E0104,E0105,E0107,E0108,E0110,E0111,E0112,E0113,E0114,E0115,E0116,E0117,E0118,E0202,E0203,E0211,E0213,E0236,E0237,E0238,E0239,E0240,E0241,E0301,E0302,E0303,E0401,E0402,E0601,E0602,E0603,E0604,E0611,E0632,E0633,E0701,E0702,E0703,E0704,E0710,E0711,E0712,E1003,E1101,E1102,E1111,E1120,E1121,E1123,E1124,E1125,E1126,E1127,E1128,E1129,E1130,E1131,E1132,E1133,E1134,E1135,E1136,E1137,E1138,E1139,E1200,E1201,E1205,E1206,E1300,E1301,E1302,E1303,E1304,E1305,E1306,E1310,E1700,E1701 --msg-template='{line},{column},{category},{symbol}:{msg}' --reports=n --output-format=text ~/projects/tutorial/polls/tests.py
cwd: ~/projects/tutorial
> /usr/bin/python ~/.vscode-oss/extensions/ms-python.python-2020.9.112786/pythonFiles/pyvsc-run-isolated.py pylint --disable=all --enable=F,unreachable,duplicate-key,unnecessary-semicolon,global-variable-not-assigned,unused-variable,unused-wildcard-import,binary-op-exception,bad-format-string,anomalous-backslash-in-string,bad-open-mode,E0001,E0011,E0012,E0100,E0101,E0102,E0103,E0104,E0105,E0107,E0108,E0110,E0111,E0112,E0113,E0114,E0115,E0116,E0117,E0118,E0202,E0203,E0211,E0213,E0236,E0237,E0238,E0239,E0240,E0241,E0301,E0302,E0303,E0401,E0402,E0601,E0602,E0603,E0604,E0611,E0632,E0633,E0701,E0702,E0703,E0704,E0710,E0711,E0712,E1003,E1101,E1102,E1111,E1120,E1121,E1123,E1124,E1125,E1126,E1127,E1128,E1129,E1130,E1131,E1132,E1133,E1134,E1135,E1136,E1137,E1138,E1139,E1200,E1201,E1205,E1206,E1300,E1301,E1302,E1303,E1304,E1305,E1306,E1310,E1700,E1701 --msg-template='{line},{column},{category},{symbol}:{msg}' --reports=n --output-format=text ~/projects/tutorial/polls/tests.py
cwd: ~/projects/tutorial
> /usr/bin/python ~/.vscode-oss/extensions/ms-python.python-2020.9.112786/pythonFiles/pyvsc-run-isolated.py -c "import pylint"
> /usr/bin/python ~/.vscode-oss/extensions/ms-python.python-2020.9.112786/pythonFiles/pyvsc-run-isolated.py -c "import pylint"
> /usr/bin/python ~/.vscode-oss/extensions/ms-python.python-2020.9.112786/pythonFiles/pyvsc-run-isolated.py -c "import pylint"
> /usr/bin/python ~/.vscode-oss/extensions/ms-python.python-2020.9.112786/pythonFiles/pyvsc-run-isolated.py -c "import pylint"

Linter 'pylint' is not installed. Please install it or select another linter".
Error: Module 'pylint' not installed.
> /usr/bin/python ~/.vscode-oss/extensions/ms-python.python-2020.9.112786/pythonFiles/pyvsc-run-isolated.py pylint --disable=all --enable=F,unreachable,duplicate-key,unnecessary-semicolon,global-variable-not-assigned,unused-variable,unused-wildcard-import,binary-op-exception,bad-format-string,anomalous-backslash-in-string,bad-open-mode,E0001,E0011,E0012,E0100,E0101,E0102,E0103,E0104,E0105,E0107,E0108,E0110,E0111,E0112,E0113,E0114,E0115,E0116,E0117,E0118,E0202,E0203,E0211,E0213,E0236,E0237,E0238,E0239,E0240,E0241,E0301,E0302,E0303,E0401,E0402,E0601,E0602,E0603,E0604,E0611,E0632,E0633,E0701,E0702,E0703,E0704,E0710,E0711,E0712,E1003,E1101,E1102,E1111,E1120,E1121,E1123,E1124,E1125,E1126,E1127,E1128,E1129,E1130,E1131,E1132,E1133,E1134,E1135,E1136,E1137,E1138,E1139,E1200,E1201,E1205,E1206,E1300,E1301,E1302,E1303,E1304,E1305,E1306,E1310,E1700,E1701 --msg-template='{line},{column},{category},{symbol}:{msg}' --reports=n --output-format=text ~/projects/tutorial/polls/views.py
cwd: ~/projects/tutorial
> /usr/bin/python ~/.vscode-oss/extensions/ms-python.python-2020.9.112786/pythonFiles/pyvsc-run-isolated.py pylint --disable=all --enable=F,unreachable,duplicate-key,unnecessary-semicolon,global-variable-not-assigned,unused-variable,unused-wildcard-import,binary-op-exception,bad-format-string,anomalous-backslash-in-string,bad-open-mode,E0001,E0011,E0012,E0100,E0101,E0102,E0103,E0104,E0105,E0107,E0108,E0110,E0111,E0112,E0113,E0114,E0115,E0116,E0117,E0118,E0202,E0203,E0211,E0213,E0236,E0237,E0238,E0239,E0240,E0241,E0301,E0302,E0303,E0401,E0402,E0601,E0602,E0603,E0604,E0611,E0632,E0633,E0701,E0702,E0703,E0704,E0710,E0711,E0712,E1003,E1101,E1102,E1111,E1120,E1121,E1123,E1124,E1125,E1126,E1127,E1128,E1129,E1130,E1131,E1132,E1133,E1134,E1135,E1136,E1137,E1138,E1139,E1200,E1201,E1205,E1206,E1300,E1301,E1302,E1303,E1304,E1305,E1306,E1310,E1700,E1701 --msg-template='{line},{column},{category},{symbol}:{msg}' --reports=n --output-format=text ~/projects/tutorial/polls/views.py
cwd: ~/projects/tutorial
> /usr/bin/python ~/.vscode-oss/extensions/ms-python.python-2020.9.112786/pythonFiles/pyvsc-run-isolated.py -c "import pylint"
> /usr/bin/python ~/.vscode-oss/extensions/ms-python.python-2020.9.112786/pythonFiles/pyvsc-run-isolated.py -c "import pylint"
> /usr/bin/python ~/.vscode-oss/extensions/ms-python.python-2020.9.112786/pythonFiles/pyvsc-run-isolated.py -c "import pylint"
> /usr/bin/python ~/.vscode-oss/extensions/ms-python.python-2020.9.112786/pythonFiles/pyvsc-run-isolated.py -c "import pylint"

Linter 'pylint' is not installed. Please install it or select another linter".
Error: Module 'pylint' not installed.
Error 2020-11-11 17:12:28: Python Extension: display.refresh [Error: [ms-python.python]: Proposed API is only available when running out of dev or with the following command line switch: --enable-proposed-api ms-python.python
	at a (/usr/lib/code/out/vs/workbench/services/extensions/node/extensionHostProcess.js:655:99)
	at Object.t.checkProposedApiEnabled (/usr/lib/code/out/vs/workbench/services/extensions/node/extensionHostProcess.js:655:567)
	at Object.get activeNotebookEditor [as activeNotebookEditor] (/usr/lib/code/out/vs/workbench/services/extensions/node/extensionHostProcess.js:1003:116)
	at u.get activeNotebookEditor [as activeNotebookEditor] (/home/thebluechalk/.vscode-oss/extensions/ms-python.python-2020.9.112786/out/client/extension.js:54:383170)
	at u.get hidden [as hidden] (/home/thebluechalk/.vscode-oss/extensions/ms-python.python-2020.9.112786/out/client/extension.js:56:642106)
	at /home/thebluechalk/.vscode-oss/extensions/ms-python.python-2020.9.112786/out/client/extension.js:56:844423
	at Array.every (<anonymous>)
	at g.updateVisibility (/home/thebluechalk/.vscode-oss/extensions/ms-python.python-2020.9.112786/out/client/extension.js:56:844411)
	at g.updateDisplay (/home/thebluechalk/.vscode-oss/extensions/ms-python.python-2020.9.112786/out/client/extension.js:56:844284)
	at async g.refresh (/home/thebluechalk/.vscode-oss/extensions/ms-python.python-2020.9.112786/out/client/extension.js:56:843237)]
> /usr/bin/python ~/.vscode-oss/extensions/ms-python.python-2020.9.112786/pythonFiles/pyvsc-run-isolated.py pylint --disable=all --enable=F,unreachable,duplicate-key,unnecessary-semicolon,global-variable-not-assigned,unused-variable,unused-wildcard-import,binary-op-exception,bad-format-string,anomalous-backslash-in-string,bad-open-mode,E0001,E0011,E0012,E0100,E0101,E0102,E0103,E0104,E0105,E0107,E0108,E0110,E0111,E0112,E0113,E0114,E0115,E0116,E0117,E0118,E0202,E0203,E0211,E0213,E0236,E0237,E0238,E0239,E0240,E0241,E0301,E0302,E0303,E0401,E0402,E0601,E0602,E0603,E0604,E0611,E0632,E0633,E0701,E0702,E0703,E0704,E0710,E0711,E0712,E1003,E1101,E1102,E1111,E1120,E1121,E1123,E1124,E1125,E1126,E1127,E1128,E1129,E1130,E1131,E1132,E1133,E1134,E1135,E1136,E1137,E1138,E1139,E1200,E1201,E1205,E1206,E1300,E1301,E1302,E1303,E1304,E1305,E1306,E1310,E1700,E1701 --msg-template='{line},{column},{category},{symbol}:{msg}' --reports=n --output-format=text ~/projects/tutorial/polls/views.py
cwd: ~/projects/tutorial
> /usr/bin/python ~/.vscode-oss/extensions/ms-python.python-2020.9.112786/pythonFiles/pyvsc-run-isolated.py pylint --disable=all --enable=F,unreachable,duplicate-key,unnecessary-semicolon,global-variable-not-assigned,unused-variable,unused-wildcard-import,binary-op-exception,bad-format-string,anomalous-backslash-in-string,bad-open-mode,E0001,E0011,E0012,E0100,E0101,E0102,E0103,E0104,E0105,E0107,E0108,E0110,E0111,E0112,E0113,E0114,E0115,E0116,E0117,E0118,E0202,E0203,E0211,E0213,E0236,E0237,E0238,E0239,E0240,E0241,E0301,E0302,E0303,E0401,E0402,E0601,E0602,E0603,E0604,E0611,E0632,E0633,E0701,E0702,E0703,E0704,E0710,E0711,E0712,E1003,E1101,E1102,E1111,E1120,E1121,E1123,E1124,E1125,E1126,E1127,E1128,E1129,E1130,E1131,E1132,E1133,E1134,E1135,E1136,E1137,E1138,E1139,E1200,E1201,E1205,E1206,E1300,E1301,E1302,E1303,E1304,E1305,E1306,E1310,E1700,E1701 --msg-template='{line},{column},{category},{symbol}:{msg}' --reports=n --output-format=text ~/projects/tutorial/polls/views.py
cwd: ~/projects/tutorial
> /usr/bin/python ~/.vscode-oss/extensions/ms-python.python-2020.9.112786/pythonFiles/pyvsc-run-isolated.py -c "import pylint"
> /usr/bin/python ~/.vscode-oss/extensions/ms-python.python-2020.9.112786/pythonFiles/pyvsc-run-isolated.py -c "import pylint"
> /usr/bin/python ~/.vscode-oss/extensions/ms-python.python-2020.9.112786/pythonFiles/pyvsc-run-isolated.py -c "import pylint"
> /usr/bin/python ~/.vscode-oss/extensions/ms-python.python-2020.9.112786/pythonFiles/pyvsc-run-isolated.py -c "import pylint"

Linter 'pylint' is not installed. Please install it or select another linter".
Error: Module 'pylint' not installed.
> /usr/bin/python ~/.vscode-oss/extensions/ms-python.python-2020.9.112786/pythonFiles/pyvsc-run-isolated.py pylint --disable=all --enable=F,unreachable,duplicate-key,unnecessary-semicolon,global-variable-not-assigned,unused-variable,unused-wildcard-import,binary-op-exception,bad-format-string,anomalous-backslash-in-string,bad-open-mode,E0001,E0011,E0012,E0100,E0101,E0102,E0103,E0104,E0105,E0107,E0108,E0110,E0111,E0112,E0113,E0114,E0115,E0116,E0117,E0118,E0202,E0203,E0211,E0213,E0236,E0237,E0238,E0239,E0240,E0241,E0301,E0302,E0303,E0401,E0402,E0601,E0602,E0603,E0604,E0611,E0632,E0633,E0701,E0702,E0703,E0704,E0710,E0711,E0712,E1003,E1101,E1102,E1111,E1120,E1121,E1123,E1124,E1125,E1126,E1127,E1128,E1129,E1130,E1131,E1132,E1133,E1134,E1135,E1136,E1137,E1138,E1139,E1200,E1201,E1205,E1206,E1300,E1301,E1302,E1303,E1304,E1305,E1306,E1310,E1700,E1701 --msg-template='{line},{column},{category},{symbol}:{msg}' --reports=n --output-format=text ~/projects/tutorial/polls/__init__.py
cwd: ~/projects/tutorial
> /usr/bin/python ~/.vscode-oss/extensions/ms-python.python-2020.9.112786/pythonFiles/pyvsc-run-isolated.py pylint --disable=all --enable=F,unreachable,duplicate-key,unnecessary-semicolon,global-variable-not-assigned,unused-variable,unused-wildcard-import,binary-op-exception,bad-format-string,anomalous-backslash-in-string,bad-open-mode,E0001,E0011,E0012,E0100,E0101,E0102,E0103,E0104,E0105,E0107,E0108,E0110,E0111,E0112,E0113,E0114,E0115,E0116,E0117,E0118,E0202,E0203,E0211,E0213,E0236,E0237,E0238,E0239,E0240,E0241,E0301,E0302,E0303,E0401,E0402,E0601,E0602,E0603,E0604,E0611,E0632,E0633,E0701,E0702,E0703,E0704,E0710,E0711,E0712,E1003,E1101,E1102,E1111,E1120,E1121,E1123,E1124,E1125,E1126,E1127,E1128,E1129,E1130,E1131,E1132,E1133,E1134,E1135,E1136,E1137,E1138,E1139,E1200,E1201,E1205,E1206,E1300,E1301,E1302,E1303,E1304,E1305,E1306,E1310,E1700,E1701 --msg-template='{line},{column},{category},{symbol}:{msg}' --reports=n --output-format=text ~/projects/tutorial/polls/__init__.py
cwd: ~/projects/tutorial
> /usr/bin/python ~/.vscode-oss/extensions/ms-python.python-2020.9.112786/pythonFiles/pyvsc-run-isolated.py -c "import pylint"
> /usr/bin/python ~/.vscode-oss/extensions/ms-python.python-2020.9.112786/pythonFiles/pyvsc-run-isolated.py -c "import pylint"
> /usr/bin/python ~/.vscode-oss/extensions/ms-python.python-2020.9.112786/pythonFiles/pyvsc-run-isolated.py -c "import pylint"
> /usr/bin/python ~/.vscode-oss/extensions/ms-python.python-2020.9.112786/pythonFiles/pyvsc-run-isolated.py -c "import pylint"

Linter 'pylint' is not installed. Please install it or select another linter".
Error: Module 'pylint' not installed.
Error 2020-11-11 17:15:49: stderr jediProxy Error (stderr) /home/thebluechalk/.vscode-oss/extensions/ms-python.python-2020.9.112786/pythonFiles/completion.py:592: DeprecationWarning: Use the code keyword argument instead.
  script = jedi.Script(

Error 2020-11-11 17:15:54: stderr jediProxy Error (stderr) /home/thebluechalk/.vscode-oss/extensions/ms-python.python-2020.9.112786/pythonFiles/completion.py:105: DeprecationWarning: Deprecated since version 0.16.0. Use Script(...).get_signatures instead.
  call_signatures = script.call_signatures()
/home/thebluechalk/.vscode-oss/extensions/ms-python.python-2020.9.112786/pythonFiles/completion.py:230: DeprecationWarning: Deprecated since version 0.16.0. Use Script(...).complete instead.
  completions = script.completions()

Error 2020-11-11 17:18:36: stderr jediProxy Error (stderr) /home/thebluechalk/.vscode-oss/extensions/ms-python.python-2020.9.112786/pythonFiles/completion.py:144: DeprecationWarning: Deprecated since version 0.16.0. Use Script(...).get_signatures instead.
  call_signatures = script.call_signatures()

